Using pre-set license
Built from '2021.3/staging' branch; Version is '2021.3.5f1 (40eb3a945986) revision 4254522'; Using compiler version '192829333'; Build Type 'Release'
OS: 'Windows 10  (10.0.19044) 64bit Professional' Language: 'en' Physical Memory: 32699 MB
BatchMode: 1, IsHumanControllingUs: 0, StartBugReporterOnCrash: 0, Is64bit: 1, IsPro: 1

COMMAND LINE ARGUMENTS:
P:\Unity\2021.3.5f1\Editor\Unity.exe
-adb2
-batchMode
-noUpm
-name
AssetImportWorker3
-projectPath
P:/Unity/Projects/project_a
-logFile
Logs/AssetImportWorker3.log
-srvPort
60011
Successfully changed project path to: P:/Unity/Projects/project_a
P:/Unity/Projects/project_a
[UnityMemory] Configuration Parameters - Can be set up in boot.config
    "memorysetup-bucket-allocator-granularity=16"
    "memorysetup-bucket-allocator-bucket-count=8"
    "memorysetup-bucket-allocator-block-size=33554432"
    "memorysetup-bucket-allocator-block-count=8"
    "memorysetup-main-allocator-block-size=16777216"
    "memorysetup-thread-allocator-block-size=16777216"
    "memorysetup-gfx-main-allocator-block-size=16777216"
    "memorysetup-gfx-thread-allocator-block-size=16777216"
    "memorysetup-cache-allocator-block-size=4194304"
    "memorysetup-typetree-allocator-block-size=2097152"
    "memorysetup-profiler-bucket-allocator-granularity=16"
    "memorysetup-profiler-bucket-allocator-bucket-count=8"
    "memorysetup-profiler-bucket-allocator-block-size=33554432"
    "memorysetup-profiler-bucket-allocator-block-count=8"
    "memorysetup-profiler-allocator-block-size=16777216"
    "memorysetup-profiler-editor-allocator-block-size=1048576"
    "memorysetup-temp-allocator-size-main=16777216"
    "memorysetup-job-temp-allocator-block-size=2097152"
    "memorysetup-job-temp-allocator-block-size-background=1048576"
    "memorysetup-job-temp-allocator-reduction-small-platforms=262144"
    "memorysetup-temp-allocator-size-background-worker=32768"
    "memorysetup-temp-allocator-size-job-worker=262144"
    "memorysetup-temp-allocator-size-preload-manager=33554432"
    "memorysetup-temp-allocator-size-nav-mesh-worker=65536"
    "memorysetup-temp-allocator-size-audio-worker=65536"
    "memorysetup-temp-allocator-size-cloud-worker=32768"
    "memorysetup-temp-allocator-size-gi-baking-worker=262144"
    "memorysetup-temp-allocator-size-gfx=262144"
Refreshing native plugins compatible for Editor in 203.17 ms, found 3 plugins.
Preloading 0 native plugins for Editor in 0.00 ms.
Initialize engine version: 2021.3.5f1 (40eb3a945986)
[Subsystems] Discovering subsystems at path P:/Unity/2021.3.5f1/Editor/Data/Resources/UnitySubsystems
[Subsystems] Discovering subsystems at path P:/Unity/Projects/project_a/Assets
GfxDevice: creating device client; threaded=0; jobified=0
Direct3D:
    Version:  Direct3D 11.0 [level 11.1]
    Renderer: NVIDIA GeForce GTX 1070 (ID=0x1b81)
    Vendor:   NVIDIA
    VRAM:     8081 MB
    Driver:   31.0.15.2756
Initialize mono
Mono path[0] = 'P:/Unity/2021.3.5f1/Editor/Data/Managed'
Mono path[1] = 'P:/Unity/2021.3.5f1/Editor/Data/MonoBleedingEdge/lib/mono/unityjit-win32'
Mono config path = 'P:/Unity/2021.3.5f1/Editor/Data/MonoBleedingEdge/etc'
Using monoOptions --debugger-agent=transport=dt_socket,embedding=1,server=y,suspend=n,address=127.0.0.1:56416
Begin MonoManager ReloadAssembly
Registering precompiled unity dll's ...
Register platform support module: P:/Unity/2021.3.5f1/Editor/Data/PlaybackEngines/WebGLSupport/UnityEditor.WebGL.Extensions.dll
Register platform support module: P:/Unity/2021.3.5f1/Editor/Data/PlaybackEngines/WindowsStandaloneSupport/UnityEditor.WindowsStandalone.Extensions.dll
Registered in 0.181491 seconds.
Native extension for WindowsStandalone target not found
Native extension for WebGL target not found
Refreshing native plugins compatible for Editor in 84.65 ms, found 3 plugins.
Preloading 0 native plugins for Editor in 0.00 ms.
Mono: successfully reloaded assembly
- Completed reload, in  4.341 seconds
Domain Reload Profiling:
	ReloadAssembly (4341ms)
		BeginReloadAssembly (3130ms)
			ExecutionOrderSort (0ms)
			DisableScriptedObjects (0ms)
			BackupInstance (0ms)
			ReleaseScriptingObjects (0ms)
			CreateAndSetChildDomain (1ms)
		EndReloadAssembly (746ms)
			LoadAssemblies (3133ms)
			RebuildTransferFunctionScriptingTraits (0ms)
			SetupTypeCache (428ms)
			ReleaseScriptCaches (0ms)
			RebuildScriptCaches (23ms)
			SetupLoadedEditorAssemblies (251ms)
				LogAssemblyErrors (0ms)
				InitializePlatformSupportModulesInManaged (7ms)
				SetLoadedEditorAssemblies (0ms)
				RefreshPlugins (85ms)
				BeforeProcessingInitializeOnLoad (1ms)
				ProcessInitializeOnLoadAttributes (117ms)
				ProcessInitializeOnLoadMethodAttributes (42ms)
				AfterProcessingInitializeOnLoad (0ms)
				EditorAssembliesLoaded (0ms)
			ExecutionOrderSort2 (0ms)
			AwakeInstancesAfterBackupRestoration (0ms)
Platform modules already initialized, skipping
Registering precompiled user dll's ...
Registered in 0.959513 seconds.
Begin MonoManager ReloadAssembly
Symbol file LoadedFromMemory doesn't match image P:\Unity\Projects\project_a\Library\PackageCache\com.unity.visualscripting@1.7.8\Editor\VisualScripting.Core\Dependencies\YamlDotNet\Unity.VisualScripting.YamlDotNet.dll
Symbol file LoadedFromMemory doesn't match image P:\Unity\Projects\project_a\Library\PackageCache\com.unity.visualscripting@1.7.8\Editor\VisualScripting.Core\Dependencies\DotNetZip\Unity.VisualScripting.IonicZip.dll
Native extension for WindowsStandalone target not found
Native extension for WebGL target not found
Refreshing native plugins compatible for Editor in 0.80 ms, found 3 plugins.
Preloading 0 native plugins for Editor in 0.00 ms.
Mono: successfully reloaded assembly
- Completed reload, in  4.921 seconds
Domain Reload Profiling:
	ReloadAssembly (4921ms)
		BeginReloadAssembly (92ms)
			ExecutionOrderSort (0ms)
			DisableScriptedObjects (5ms)
			BackupInstance (0ms)
			ReleaseScriptingObjects (0ms)
			CreateAndSetChildDomain (18ms)
		EndReloadAssembly (4687ms)
			LoadAssemblies (2849ms)
			RebuildTransferFunctionScriptingTraits (0ms)
			SetupTypeCache (670ms)
			ReleaseScriptCaches (1ms)
			RebuildScriptCaches (44ms)
			SetupLoadedEditorAssemblies (1092ms)
				LogAssemblyErrors (0ms)
				InitializePlatformSupportModulesInManaged (4ms)
				SetLoadedEditorAssemblies (0ms)
				RefreshPlugins (1ms)
				BeforeProcessingInitializeOnLoad (73ms)
				ProcessInitializeOnLoadAttributes (273ms)
				ProcessInitializeOnLoadMethodAttributes (738ms)
				AfterProcessingInitializeOnLoad (3ms)
				EditorAssembliesLoaded (0ms)
			ExecutionOrderSort2 (0ms)
			AwakeInstancesAfterBackupRestoration (6ms)
Platform modules already initialized, skipping
========================================================================
Worker process is ready to serve import requests
Launched and connected shader compiler UnityShaderCompiler.exe after 0.08 seconds
Refreshing native plugins compatible for Editor in 0.83 ms, found 3 plugins.
Preloading 0 native plugins for Editor in 0.00 ms.
Unloading 3461 Unused Serialized files (Serialized files now loaded: 0)
Unloading 25 unused Assets / (59.3 KB). Loaded Objects now: 3946.
Memory consumption went from 152.9 MB to 152.9 MB.
Total: 3.759600 ms (FindLiveObjects: 0.373900 ms CreateObjectMapping: 0.100900 ms MarkObjects: 3.138700 ms  DeleteObjects: 0.144100 ms)

AssetImportParameters requested are different than current active one (requested -> active):
  custom:video-decoder-ogg-theora: a1e56fd34408186e4bbccfd4996cb3dc -> 
  custom:container-muxer-webm: aa71ff27fc2769a1b78a27578f13a17b -> 
  custom:container-demuxer-webm: 4f35f7cbe854078d1ac9338744f61a02 -> 
  custom:video-encoder-webm-vp8: eb34c28f22e8b96e1ab97ce403110664 -> 
  custom:video-codec-MediaFoundation-h265: 746d11721c4dcdbdad8f713fa42b33f4 -> 
  custom:audio-encoder-webm-vorbis: bf7c407c2cedff20999df2af8eb42d56 -> 
  custom:framework-win-MediaFoundation: 216162199b28c13a410421893ffa2e32 -> 
  custom:container-demuxer-ogg: 62fdf1f143b41e24485cea50d1cbac27 -> 
  custom:video-decoder-webm-vp8: 9c59270c3fd7afecdb556c50c9e8de78 -> 
  custom:audio-decoder-ogg-vorbis: bf7c407c2cedff20999df2af8eb42d56 -> 
========================================================================
Received Import Request.
  Time since last request: 186953.096576 seconds.
  path: Assets/Hyper-Casual Stickman Characters ( 5 BodyTypes ) Vol.2/Hyper-Casual Stickman Character ( Small Woman )/Prefabs/Podium.prefab
  artifactKey: Guid(e4007466726a1374d9c61c2084e99db0) Importer(815301076,1909f56bfc062723c751e8b465ee728b)
Start importing Assets/Hyper-Casual Stickman Characters ( 5 BodyTypes ) Vol.2/Hyper-Casual Stickman Character ( Small Woman )/Prefabs/Podium.prefab using Guid(e4007466726a1374d9c61c2084e99db0) Importer(815301076,1909f56bfc062723c751e8b465ee728b)  -> (artifact id: '6c26e4c2aa957e22a9075e11efbcfa84') in 0.152244 seconds 
========================================================================
Received Import Request.
  Time since last request: 0.000026 seconds.
  path: Assets/Hyper-Casual Stickman Characters ( 5 BodyTypes ) Vol.2/Hyper-Casual Stickman Character ( Small Woman )/Prefabs/Small Woman Yellow.prefab
  artifactKey: Guid(0d75219ab4af01848ace9dd8f7af8936) Importer(815301076,1909f56bfc062723c751e8b465ee728b)
Start importing Assets/Hyper-Casual Stickman Characters ( 5 BodyTypes ) Vol.2/Hyper-Casual Stickman Character ( Small Woman )/Prefabs/Small Woman Yellow.prefab using Guid(0d75219ab4af01848ace9dd8f7af8936) Importer(815301076,1909f56bfc062723c751e8b465ee728b)  -> (artifact id: 'd6411beec6c7d683d8b184a30b6039f5') in 0.070793 seconds 
========================================================================
Received Import Request.
  Time since last request: 5.096128 seconds.
  path: Assets/Hyper-Casual Stickman Characters ( 5 BodyTypes ) Vol.2/Hyper-Casual Stickman Character ( Small Man )/Models/Podium.fbx
  artifactKey: Guid(4f8c0ef4b218c794d9e5115465b69235) Importer(815301076,1909f56bfc062723c751e8b465ee728b)
Start importing Assets/Hyper-Casual Stickman Characters ( 5 BodyTypes ) Vol.2/Hyper-Casual Stickman Character ( Small Man )/Models/Podium.fbx using Guid(4f8c0ef4b218c794d9e5115465b69235) Importer(815301076,1909f56bfc062723c751e8b465ee728b)  -> (artifact id: '34e5b66147df35beee00fe2da66b5b46') in 0.071971 seconds 
========================================================================
Received Import Request.
  Time since last request: 0.000023 seconds.
  path: Assets/Hyper-Casual Stickman Characters ( 5 BodyTypes ) Vol.2/Hyper-Casual Stickman Character ( Small Man )/Models/Small Man.fbx
  artifactKey: Guid(3548777c5a27c9b4a96803d41d8c96a4) Importer(815301076,1909f56bfc062723c751e8b465ee728b)
Start importing Assets/Hyper-Casual Stickman Characters ( 5 BodyTypes ) Vol.2/Hyper-Casual Stickman Character ( Small Man )/Models/Small Man.fbx using Guid(3548777c5a27c9b4a96803d41d8c96a4) Importer(815301076,1909f56bfc062723c751e8b465ee728b)  -> (artifact id: '4b094c74e9c08d014ba3f78faa11f8fb') in 0.034012 seconds 
========================================================================
Received Import Request.
  Time since last request: 3.751507 seconds.
  path: Assets/Hyper-Casual Stickman Characters ( 5 BodyTypes ) Vol.2/Hyper-Casual Stickman Character ( Small Man )/Prefabs/Podium.prefab
  artifactKey: Guid(425a512f507f7e84aa6388cecc0df78a) Importer(815301076,1909f56bfc062723c751e8b465ee728b)
Start importing Assets/Hyper-Casual Stickman Characters ( 5 BodyTypes ) Vol.2/Hyper-Casual Stickman Character ( Small Man )/Prefabs/Podium.prefab using Guid(425a512f507f7e84aa6388cecc0df78a) Importer(815301076,1909f56bfc062723c751e8b465ee728b)  -> (artifact id: '579ff05e506fe07059bbfebfc6e76a46') in 0.017026 seconds 
========================================================================
Received Import Request.
  Time since last request: 0.000020 seconds.
  path: Assets/Hyper-Casual Stickman Characters ( 5 BodyTypes ) Vol.2/Hyper-Casual Stickman Character ( Small Man )/Prefabs/Small Man Orange.prefab
  artifactKey: Guid(4c4b81cef0208d544a3294c486ec4435) Importer(815301076,1909f56bfc062723c751e8b465ee728b)
Start importing Assets/Hyper-Casual Stickman Characters ( 5 BodyTypes ) Vol.2/Hyper-Casual Stickman Character ( Small Man )/Prefabs/Small Man Orange.prefab using Guid(4c4b81cef0208d544a3294c486ec4435) Importer(815301076,1909f56bfc062723c751e8b465ee728b)  -> (artifact id: '5c81cac05d895123e25708902c8476a8') in 0.021445 seconds 
========================================================================
Received Import Request.
  Time since last request: 0.000022 seconds.
  path: Assets/Hyper-Casual Stickman Characters ( 5 BodyTypes ) Vol.2/Hyper-Casual Stickman Character ( Small Man )/Prefabs/Small Man Red.prefab
  artifactKey: Guid(897f6347e49fbc34fb286f8cc7be3b3c) Importer(815301076,1909f56bfc062723c751e8b465ee728b)
Start importing Assets/Hyper-Casual Stickman Characters ( 5 BodyTypes ) Vol.2/Hyper-Casual Stickman Character ( Small Man )/Prefabs/Small Man Red.prefab using Guid(897f6347e49fbc34fb286f8cc7be3b3c) Importer(815301076,1909f56bfc062723c751e8b465ee728b)  -> (artifact id: '3108af694df3460e295a6565dd45e447') in 0.022249 seconds 
========================================================================
Received Import Request.
  Time since last request: 0.000019 seconds.
  path: Assets/Hyper-Casual Stickman Characters ( 5 BodyTypes ) Vol.2/Hyper-Casual Stickman Character ( Small Man )/Prefabs/Small Man Purple.prefab
  artifactKey: Guid(f7cca76bc3817014787a368895c3fc65) Importer(815301076,1909f56bfc062723c751e8b465ee728b)
Start importing Assets/Hyper-Casual Stickman Characters ( 5 BodyTypes ) Vol.2/Hyper-Casual Stickman Character ( Small Man )/Prefabs/Small Man Purple.prefab using Guid(f7cca76bc3817014787a368895c3fc65) Importer(815301076,1909f56bfc062723c751e8b465ee728b)  -> (artifact id: '5d59d368df4354213af41c154484cab8') in 0.021005 seconds 
Editor requested this worker to shutdown with reason: Scaling down because of idle timeout
AssetImportWorker is now disconnected from the server
Process exiting
Exiting without the bug reporter. Application will terminate with return code 0