Using pre-set license
Built from '2021.3/staging' branch; Version is '2021.3.5f1 (40eb3a945986) revision 4254522'; Using compiler version '192829333'; Build Type 'Release'
OS: 'Windows 10  (10.0.19044) 64bit Professional' Language: 'en' Physical Memory: 32699 MB
BatchMode: 1, IsHumanControllingUs: 0, StartBugReporterOnCrash: 0, Is64bit: 1, IsPro: 1

COMMAND LINE ARGUMENTS:
P:\Unity\2021.3.5f1\Editor\Unity.exe
-adb2
-batchMode
-noUpm
-name
AssetImportWorker8
-projectPath
P:/Unity/Projects/project_a
-logFile
Logs/AssetImportWorker8.log
-srvPort
58867
Successfully changed project path to: P:/Unity/Projects/project_a
P:/Unity/Projects/project_a
[UnityMemory] Configuration Parameters - Can be set up in boot.config
    "memorysetup-bucket-allocator-granularity=16"
    "memorysetup-bucket-allocator-bucket-count=8"
    "memorysetup-bucket-allocator-block-size=33554432"
    "memorysetup-bucket-allocator-block-count=8"
    "memorysetup-main-allocator-block-size=16777216"
    "memorysetup-thread-allocator-block-size=16777216"
    "memorysetup-gfx-main-allocator-block-size=16777216"
    "memorysetup-gfx-thread-allocator-block-size=16777216"
    "memorysetup-cache-allocator-block-size=4194304"
    "memorysetup-typetree-allocator-block-size=2097152"
    "memorysetup-profiler-bucket-allocator-granularity=16"
    "memorysetup-profiler-bucket-allocator-bucket-count=8"
    "memorysetup-profiler-bucket-allocator-block-size=33554432"
    "memorysetup-profiler-bucket-allocator-block-count=8"
    "memorysetup-profiler-allocator-block-size=16777216"
    "memorysetup-profiler-editor-allocator-block-size=1048576"
    "memorysetup-temp-allocator-size-main=16777216"
    "memorysetup-job-temp-allocator-block-size=2097152"
    "memorysetup-job-temp-allocator-block-size-background=1048576"
    "memorysetup-job-temp-allocator-reduction-small-platforms=262144"
    "memorysetup-temp-allocator-size-background-worker=32768"
    "memorysetup-temp-allocator-size-job-worker=262144"
    "memorysetup-temp-allocator-size-preload-manager=33554432"
    "memorysetup-temp-allocator-size-nav-mesh-worker=65536"
    "memorysetup-temp-allocator-size-audio-worker=65536"
    "memorysetup-temp-allocator-size-cloud-worker=32768"
    "memorysetup-temp-allocator-size-gi-baking-worker=262144"
    "memorysetup-temp-allocator-size-gfx=262144"
Refreshing native plugins compatible for Editor in 99.94 ms, found 3 plugins.
Preloading 0 native plugins for Editor in 0.00 ms.
Initialize engine version: 2021.3.5f1 (40eb3a945986)
[Subsystems] Discovering subsystems at path P:/Unity/2021.3.5f1/Editor/Data/Resources/UnitySubsystems
[Subsystems] Discovering subsystems at path P:/Unity/Projects/project_a/Assets
GfxDevice: creating device client; threaded=0; jobified=0
Direct3D:
    Version:  Direct3D 11.0 [level 11.1]
    Renderer: NVIDIA GeForce GTX 1070 (ID=0x1b81)
    Vendor:   NVIDIA
    VRAM:     8081 MB
    Driver:   31.0.15.2756
Initialize mono
Mono path[0] = 'P:/Unity/2021.3.5f1/Editor/Data/Managed'
Mono path[1] = 'P:/Unity/2021.3.5f1/Editor/Data/MonoBleedingEdge/lib/mono/unityjit-win32'
Mono config path = 'P:/Unity/2021.3.5f1/Editor/Data/MonoBleedingEdge/etc'
Using monoOptions --debugger-agent=transport=dt_socket,embedding=1,server=y,suspend=n,address=127.0.0.1:56800
Begin MonoManager ReloadAssembly
Registering precompiled unity dll's ...
Register platform support module: P:/Unity/2021.3.5f1/Editor/Data/PlaybackEngines/WebGLSupport/UnityEditor.WebGL.Extensions.dll
Register platform support module: P:/Unity/2021.3.5f1/Editor/Data/PlaybackEngines/WindowsStandaloneSupport/UnityEditor.WindowsStandalone.Extensions.dll
Registered in 0.002423 seconds.
Native extension for WindowsStandalone target not found
Native extension for WebGL target not found
Refreshing native plugins compatible for Editor in 88.90 ms, found 3 plugins.
Preloading 0 native plugins for Editor in 0.00 ms.
Mono: successfully reloaded assembly
- Completed reload, in  0.549 seconds
Domain Reload Profiling:
	ReloadAssembly (549ms)
		BeginReloadAssembly (56ms)
			ExecutionOrderSort (0ms)
			DisableScriptedObjects (0ms)
			BackupInstance (0ms)
			ReleaseScriptingObjects (0ms)
			CreateAndSetChildDomain (1ms)
		EndReloadAssembly (405ms)
			LoadAssemblies (55ms)
			RebuildTransferFunctionScriptingTraits (0ms)
			SetupTypeCache (91ms)
			ReleaseScriptCaches (0ms)
			RebuildScriptCaches (23ms)
			SetupLoadedEditorAssemblies (252ms)
				LogAssemblyErrors (0ms)
				InitializePlatformSupportModulesInManaged (6ms)
				SetLoadedEditorAssemblies (0ms)
				RefreshPlugins (89ms)
				BeforeProcessingInitializeOnLoad (1ms)
				ProcessInitializeOnLoadAttributes (118ms)
				ProcessInitializeOnLoadMethodAttributes (37ms)
				AfterProcessingInitializeOnLoad (0ms)
				EditorAssembliesLoaded (0ms)
			ExecutionOrderSort2 (0ms)
			AwakeInstancesAfterBackupRestoration (0ms)
Platform modules already initialized, skipping
Registering precompiled user dll's ...
Registered in 0.003602 seconds.
Begin MonoManager ReloadAssembly
Symbol file LoadedFromMemory doesn't match image P:\Unity\Projects\project_a\Library\PackageCache\com.unity.visualscripting@1.7.8\Editor\VisualScripting.Core\Dependencies\YamlDotNet\Unity.VisualScripting.YamlDotNet.dll
Symbol file LoadedFromMemory doesn't match image P:\Unity\Projects\project_a\Library\PackageCache\com.unity.visualscripting@1.7.8\Editor\VisualScripting.Core\Dependencies\DotNetZip\Unity.VisualScripting.IonicZip.dll
Native extension for WindowsStandalone target not found
Native extension for WebGL target not found
Refreshing native plugins compatible for Editor in 0.77 ms, found 3 plugins.
Preloading 0 native plugins for Editor in 0.00 ms.
Mono: successfully reloaded assembly
- Completed reload, in  0.850 seconds
Domain Reload Profiling:
	ReloadAssembly (851ms)
		BeginReloadAssembly (90ms)
			ExecutionOrderSort (0ms)
			DisableScriptedObjects (5ms)
			BackupInstance (0ms)
			ReleaseScriptingObjects (0ms)
			CreateAndSetChildDomain (18ms)
		EndReloadAssembly (663ms)
			LoadAssemblies (62ms)
			RebuildTransferFunctionScriptingTraits (0ms)
			SetupTypeCache (227ms)
			ReleaseScriptCaches (1ms)
			RebuildScriptCaches (42ms)
			SetupLoadedEditorAssemblies (301ms)
				LogAssemblyErrors (0ms)
				InitializePlatformSupportModulesInManaged (4ms)
				SetLoadedEditorAssemblies (0ms)
				RefreshPlugins (1ms)
				BeforeProcessingInitializeOnLoad (72ms)
				ProcessInitializeOnLoadAttributes (199ms)
				ProcessInitializeOnLoadMethodAttributes (23ms)
				AfterProcessingInitializeOnLoad (3ms)
				EditorAssembliesLoaded (0ms)
			ExecutionOrderSort2 (0ms)
			AwakeInstancesAfterBackupRestoration (5ms)
Platform modules already initialized, skipping
========================================================================
Worker process is ready to serve import requests
Launched and connected shader compiler UnityShaderCompiler.exe after 0.04 seconds
Refreshing native plugins compatible for Editor in 1.02 ms, found 3 plugins.
Preloading 0 native plugins for Editor in 0.00 ms.
Unloading 3460 Unused Serialized files (Serialized files now loaded: 0)
Unloading 25 unused Assets / (58.2 KB). Loaded Objects now: 3945.
Memory consumption went from 152.1 MB to 152.1 MB.
Total: 3.121300 ms (FindLiveObjects: 0.298200 ms CreateObjectMapping: 0.086500 ms MarkObjects: 2.647900 ms  DeleteObjects: 0.087700 ms)

AssetImportParameters requested are different than current active one (requested -> active):
  custom:video-decoder-ogg-theora: a1e56fd34408186e4bbccfd4996cb3dc -> 
  custom:container-muxer-webm: aa71ff27fc2769a1b78a27578f13a17b -> 
  custom:container-demuxer-webm: 4f35f7cbe854078d1ac9338744f61a02 -> 
  custom:video-encoder-webm-vp8: eb34c28f22e8b96e1ab97ce403110664 -> 
  custom:video-codec-MediaFoundation-h265: 746d11721c4dcdbdad8f713fa42b33f4 -> 
  custom:audio-encoder-webm-vorbis: bf7c407c2cedff20999df2af8eb42d56 -> 
  custom:framework-win-MediaFoundation: 216162199b28c13a410421893ffa2e32 -> 
  custom:container-demuxer-ogg: 62fdf1f143b41e24485cea50d1cbac27 -> 
  custom:video-decoder-webm-vp8: 9c59270c3fd7afecdb556c50c9e8de78 -> 
  custom:audio-decoder-ogg-vorbis: bf7c407c2cedff20999df2af8eb42d56 -> 
========================================================================
Received Import Request.
  Time since last request: 2781.205397 seconds.
  path: Assets/Assets_FenceChained/prefabs/chainlink_barbwire-2.prefab
  artifactKey: Guid(fb4bde335e6d1754f8cd33e1b30a65aa) Importer(815301076,1909f56bfc062723c751e8b465ee728b)
Start importing Assets/Assets_FenceChained/prefabs/chainlink_barbwire-2.prefab using Guid(fb4bde335e6d1754f8cd33e1b30a65aa) Importer(815301076,1909f56bfc062723c751e8b465ee728b)  -> (artifact id: '4c04cce34e605f92c111c19314c7ad8b') in 0.129772 seconds 
========================================================================
Received Import Request.
  Time since last request: 2.514085 seconds.
  path: Assets/Assets_FenceChained/models/chainlink_barbwire-2.FBX
  artifactKey: Guid(32337b2ced4e84f419f3bc3231bb7a49) Importer(815301076,1909f56bfc062723c751e8b465ee728b)
Start importing Assets/Assets_FenceChained/models/chainlink_barbwire-2.FBX using Guid(32337b2ced4e84f419f3bc3231bb7a49) Importer(815301076,1909f56bfc062723c751e8b465ee728b)  -> (artifact id: '719ea8312e2ede601c321f26d8a4d040') in 0.157536 seconds 
========================================================================
Received Import Request.
  Time since last request: 0.000021 seconds.
  path: Assets/Assets_FenceChained/models/chainlink_group-3.FBX
  artifactKey: Guid(fccc49bf3e108b94c8202230c83d6e92) Importer(815301076,1909f56bfc062723c751e8b465ee728b)
Start importing Assets/Assets_FenceChained/models/chainlink_group-3.FBX using Guid(fccc49bf3e108b94c8202230c83d6e92) Importer(815301076,1909f56bfc062723c751e8b465ee728b)  -> (artifact id: 'b0b1a159ef6df6e314ba12be429bc817') in 0.041509 seconds 
========================================================================
Received Import Request.
  Time since last request: 0.000025 seconds.
  path: Assets/Assets_FenceChained/models/chainlink_single.FBX
  artifactKey: Guid(73c2999be80b3be4e816d348fea624e1) Importer(815301076,1909f56bfc062723c751e8b465ee728b)
Start importing Assets/Assets_FenceChained/models/chainlink_single.FBX using Guid(73c2999be80b3be4e816d348fea624e1) Importer(815301076,1909f56bfc062723c751e8b465ee728b)  -> (artifact id: '5f9bfd8b9c054ea937d58a1a8b5af202') in 0.050274 seconds 
========================================================================
Received Import Request.
  Time since last request: 0.776984 seconds.
  path: Assets/Assets_FenceChained/models/Materials/metal_fence-1.tga
  artifactKey: Guid(752d7d5c2778f3a47b36be0aeb798dc7) Importer(815301076,1909f56bfc062723c751e8b465ee728b)
Start importing Assets/Assets_FenceChained/models/Materials/metal_fence-1.tga using Guid(752d7d5c2778f3a47b36be0aeb798dc7) Importer(815301076,1909f56bfc062723c751e8b465ee728b)  -> (artifact id: 'ec6c7942408597a0c8583a15f02dfb53') in 0.026260 seconds 
========================================================================
Received Import Request.
  Time since last request: 0.000026 seconds.
  path: Assets/Assets_FenceChained/models/Materials/panel-1_NORMAL.tga
  artifactKey: Guid(57d64eea2a2879e47a58c9a26d7817fe) Importer(815301076,1909f56bfc062723c751e8b465ee728b)
Start importing Assets/Assets_FenceChained/models/Materials/panel-1_NORMAL.tga using Guid(57d64eea2a2879e47a58c9a26d7817fe) Importer(815301076,1909f56bfc062723c751e8b465ee728b)  -> (artifact id: 'ced5e0a302d4016be17ac769de3c4bfe') in 0.015735 seconds 
========================================================================
Received Import Request.
  Time since last request: 8.378552 seconds.
  path: Assets/Assets_FenceChained/models/Materials/jpgs/metal_fence-1_alpha.jpg
  artifactKey: Guid(c9e4aa34a2d6a8648a5567971ba0874e) Importer(815301076,1909f56bfc062723c751e8b465ee728b)
Start importing Assets/Assets_FenceChained/models/Materials/jpgs/metal_fence-1_alpha.jpg using Guid(c9e4aa34a2d6a8648a5567971ba0874e) Importer(815301076,1909f56bfc062723c751e8b465ee728b)  -> (artifact id: 'e0ae82b300a2422e4b0518e6df6e3235') in 0.031217 seconds 
========================================================================
Received Import Request.
  Time since last request: 10.819126 seconds.
  path: Assets/Clock/3dobjects/Materials/clock_main.mat
  artifactKey: Guid(099241b3f9881c54d854dcd4fcbda0d9) Importer(815301076,1909f56bfc062723c751e8b465ee728b)
Start importing Assets/Clock/3dobjects/Materials/clock_main.mat using Guid(099241b3f9881c54d854dcd4fcbda0d9) Importer(815301076,1909f56bfc062723c751e8b465ee728b)  -> (artifact id: '79aa5d51133e0d49e2d57b819b705a17') in 0.049892 seconds 
========================================================================
Received Import Request.
  Time since last request: 10.553681 seconds.
  path: Assets/FBX/doNotEnter.fbx
  artifactKey: Guid(a79f7d431aa4dfa4dbe8085428fccf5e) Importer(815301076,1909f56bfc062723c751e8b465ee728b)
Start importing Assets/FBX/doNotEnter.fbx using Guid(a79f7d431aa4dfa4dbe8085428fccf5e) Importer(815301076,1909f56bfc062723c751e8b465ee728b)  -> (artifact id: 'a0969ab3e74fd4165f2c5af123ad9168') in 0.026860 seconds 
========================================================================
Received Import Request.
  Time since last request: 0.000022 seconds.
  path: Assets/FBX/stool.fbx
  artifactKey: Guid(58b440fc7434379438be1ea121e32b1d) Importer(815301076,1909f56bfc062723c751e8b465ee728b)
Start importing Assets/FBX/stool.fbx using Guid(58b440fc7434379438be1ea121e32b1d) Importer(815301076,1909f56bfc062723c751e8b465ee728b)  -> (artifact id: 'c0fa6314cd231ba126ea9d876dc662cb') in 0.061601 seconds 
========================================================================
Received Import Request.
  Time since last request: 0.000022 seconds.
  path: Assets/FBX/tv.fbx
  artifactKey: Guid(bb0999205c198144e93b8cd848c28299) Importer(815301076,1909f56bfc062723c751e8b465ee728b)
Start importing Assets/FBX/tv.fbx using Guid(bb0999205c198144e93b8cd848c28299) Importer(815301076,1909f56bfc062723c751e8b465ee728b)  -> (artifact id: 'd5b27a22262702da2c31bf301d957751') in 0.058235 seconds 
========================================================================
Received Import Request.
  Time since last request: 8.181055 seconds.
  path: Assets/Hyper-Casual Stickman Characters ( 5 BodyTypes ) Vol.2/Hyper-Casual Stickman Character ( Girl )/Materials/Character_Material_3.mat
  artifactKey: Guid(d341e6fca060d324487068bf6ec2d3ab) Importer(815301076,1909f56bfc062723c751e8b465ee728b)
Start importing Assets/Hyper-Casual Stickman Characters ( 5 BodyTypes ) Vol.2/Hyper-Casual Stickman Character ( Girl )/Materials/Character_Material_3.mat using Guid(d341e6fca060d324487068bf6ec2d3ab) Importer(815301076,1909f56bfc062723c751e8b465ee728b)  -> (artifact id: 'f572d4e6f3e823f69b5544b3628b1e59') in 0.012476 seconds 
========================================================================
Received Import Request.
  Time since last request: 0.000022 seconds.
  path: Assets/Hyper-Casual Stickman Characters ( 5 BodyTypes ) Vol.2/Hyper-Casual Stickman Character ( Girl )/Materials/Ground_Material_1.mat
  artifactKey: Guid(511c793d6a65162498ab12586db17753) Importer(815301076,1909f56bfc062723c751e8b465ee728b)
Start importing Assets/Hyper-Casual Stickman Characters ( 5 BodyTypes ) Vol.2/Hyper-Casual Stickman Character ( Girl )/Materials/Ground_Material_1.mat using Guid(511c793d6a65162498ab12586db17753) Importer(815301076,1909f56bfc062723c751e8b465ee728b)  -> (artifact id: '460408158f3166e942a1437ca9e87917') in 0.010935 seconds 
========================================================================
Received Import Request.
  Time since last request: 8.202504 seconds.
  path: Assets/Hyper-Casual Stickman Characters ( 5 BodyTypes ) Vol.2/Hyper-Casual Stickman Character ( Man 1 )/Materials/Ground_Material_2.mat
  artifactKey: Guid(a9aadb9d0a1ce8f42b1b1a6134722443) Importer(815301076,1909f56bfc062723c751e8b465ee728b)
Start importing Assets/Hyper-Casual Stickman Characters ( 5 BodyTypes ) Vol.2/Hyper-Casual Stickman Character ( Man 1 )/Materials/Ground_Material_2.mat using Guid(a9aadb9d0a1ce8f42b1b1a6134722443) Importer(815301076,1909f56bfc062723c751e8b465ee728b)  -> (artifact id: '2802bd5d7aa236569af904f2f2577566') in 0.011307 seconds 
========================================================================
Received Import Request.
  Time since last request: 8.783189 seconds.
  path: Assets/Hyper-Casual Stickman Characters ( 5 BodyTypes ) Vol.2/Hyper-Casual Stickman Character ( Man 2 )/Materials/Character_Material_3.mat
  artifactKey: Guid(284404baa563c6e4091c42010302bd64) Importer(815301076,1909f56bfc062723c751e8b465ee728b)
Start importing Assets/Hyper-Casual Stickman Characters ( 5 BodyTypes ) Vol.2/Hyper-Casual Stickman Character ( Man 2 )/Materials/Character_Material_3.mat using Guid(284404baa563c6e4091c42010302bd64) Importer(815301076,1909f56bfc062723c751e8b465ee728b)  -> (artifact id: '822a6826013821284da94003e41c3c56') in 0.007322 seconds 
========================================================================
Received Import Request.
  Time since last request: 0.000028 seconds.
  path: Assets/Hyper-Casual Stickman Characters ( 5 BodyTypes ) Vol.2/Hyper-Casual Stickman Character ( Man 2 )/Materials/Ground_Material_2.mat
  artifactKey: Guid(9a1694c3f855ff84fa9e634fca288e54) Importer(815301076,1909f56bfc062723c751e8b465ee728b)
Start importing Assets/Hyper-Casual Stickman Characters ( 5 BodyTypes ) Vol.2/Hyper-Casual Stickman Character ( Man 2 )/Materials/Ground_Material_2.mat using Guid(9a1694c3f855ff84fa9e634fca288e54) Importer(815301076,1909f56bfc062723c751e8b465ee728b)  -> (artifact id: 'f829f23595b6b18c073ca7385b754a0f') in 0.008770 seconds 
========================================================================
Received Import Request.
  Time since last request: 6.999900 seconds.
  path: Assets/Hyper-Casual Stickman Characters ( 5 BodyTypes ) Vol.2/Hyper-Casual Stickman Character ( Small Man )/Materials/Character_Material_4.mat
  artifactKey: Guid(41e4660cbeab57541bd9a044336e195a) Importer(815301076,1909f56bfc062723c751e8b465ee728b)
Start importing Assets/Hyper-Casual Stickman Characters ( 5 BodyTypes ) Vol.2/Hyper-Casual Stickman Character ( Small Man )/Materials/Character_Material_4.mat using Guid(41e4660cbeab57541bd9a044336e195a) Importer(815301076,1909f56bfc062723c751e8b465ee728b)  -> (artifact id: 'e40b951c7223d2727b525d024b950866') in 0.009732 seconds 
========================================================================
Received Import Request.
  Time since last request: 6.217197 seconds.
  path: Assets/Hyper-Casual Stickman Characters ( 5 BodyTypes ) Vol.2/Hyper-Casual Stickman Character ( Small Woman )/Materials/Character_Material_4.mat
  artifactKey: Guid(a661f03971014f3468cce93d5777f96e) Importer(815301076,1909f56bfc062723c751e8b465ee728b)
Start importing Assets/Hyper-Casual Stickman Characters ( 5 BodyTypes ) Vol.2/Hyper-Casual Stickman Character ( Small Woman )/Materials/Character_Material_4.mat using Guid(a661f03971014f3468cce93d5777f96e) Importer(815301076,1909f56bfc062723c751e8b465ee728b)  -> (artifact id: 'c19d37fbea74ffcd893ca880345b0b17') in 0.015326 seconds 
========================================================================
Received Import Request.
  Time since last request: 10.489968 seconds.
  path: Assets/Images/bloingBillboard.png
  artifactKey: Guid(4b9fae58d9dab764392c8a29a284cb28) Importer(815301076,1909f56bfc062723c751e8b465ee728b)
Start importing Assets/Images/bloingBillboard.png using Guid(4b9fae58d9dab764392c8a29a284cb28) Importer(815301076,1909f56bfc062723c751e8b465ee728b)  -> (artifact id: 'ecbf075b6ba74251a3ecbe22d6f25724') in 0.035670 seconds 
========================================================================
Received Import Request.
  Time since last request: 0.000024 seconds.
  path: Assets/Images/voidHomePersonSpiralMaterial.png
  artifactKey: Guid(1eeda99eb31ad4d458b9bd7f79a8dede) Importer(815301076,1909f56bfc062723c751e8b465ee728b)
Start importing Assets/Images/voidHomePersonSpiralMaterial.png using Guid(1eeda99eb31ad4d458b9bd7f79a8dede) Importer(815301076,1909f56bfc062723c751e8b465ee728b)  -> (artifact id: '751a66f89283c6b15e29326472ec79d9') in 0.013309 seconds 
========================================================================
Received Import Request.
  Time since last request: 0.000031 seconds.
  path: Assets/Images/void 1.png
  artifactKey: Guid(87638c8315b76ae4ba2730119be556ed) Importer(815301076,1909f56bfc062723c751e8b465ee728b)
Start importing Assets/Images/void 1.png using Guid(87638c8315b76ae4ba2730119be556ed) Importer(815301076,1909f56bfc062723c751e8b465ee728b)  -> (artifact id: 'e99115fa65288a4aafe2cbc87232f468') in 0.030772 seconds 
========================================================================
Received Import Request.
  Time since last request: 0.000028 seconds.
  path: Assets/Images/openingNote 1.png
  artifactKey: Guid(937203637bd963e4db61dddd5b8fb64b) Importer(815301076,1909f56bfc062723c751e8b465ee728b)
Start importing Assets/Images/openingNote 1.png using Guid(937203637bd963e4db61dddd5b8fb64b) Importer(815301076,1909f56bfc062723c751e8b465ee728b)  -> (artifact id: 'e0f21cf651620f6910ca358e24461b02') in 0.040422 seconds 
========================================================================
Received Import Request.
  Time since last request: 0.000026 seconds.
  path: Assets/Images/skateInDirt.png
  artifactKey: Guid(c485f742aa78df941b972f09ed298b42) Importer(815301076,1909f56bfc062723c751e8b465ee728b)
Start importing Assets/Images/skateInDirt.png using Guid(c485f742aa78df941b972f09ed298b42) Importer(815301076,1909f56bfc062723c751e8b465ee728b)  -> (artifact id: '5351ecff8de8e0af251ee3475884986d') in 0.018692 seconds 
========================================================================
Received Import Request.
  Time since last request: 0.000035 seconds.
  path: Assets/Images/endingNote.png
  artifactKey: Guid(f1833153b4bfbdd4a85081daa9feb9e0) Importer(815301076,1909f56bfc062723c751e8b465ee728b)
Start importing Assets/Images/endingNote.png using Guid(f1833153b4bfbdd4a85081daa9feb9e0) Importer(815301076,1909f56bfc062723c751e8b465ee728b)  -> (artifact id: 'a39aebd5efd743b140cc388bf563f87e') in 0.039702 seconds 
========================================================================
Received Import Request.
  Time since last request: 0.000021 seconds.
  path: Assets/Images/voidPersonDiagram.png
  artifactKey: Guid(9af71768252011b4088e4ceef9708904) Importer(815301076,1909f56bfc062723c751e8b465ee728b)
Start importing Assets/Images/voidPersonDiagram.png using Guid(9af71768252011b4088e4ceef9708904) Importer(815301076,1909f56bfc062723c751e8b465ee728b)  -> (artifact id: '193bb5c156b15cf87117054447a993b5') in 0.031803 seconds 
========================================================================
Received Import Request.
  Time since last request: 1.771339 seconds.
  path: Assets/JapaneseHouse/floor.prefab
  artifactKey: Guid(940aaa3f2939d944b87b0e4e7e5984f1) Importer(815301076,1909f56bfc062723c751e8b465ee728b)
Start importing Assets/JapaneseHouse/floor.prefab using Guid(940aaa3f2939d944b87b0e4e7e5984f1) Importer(815301076,1909f56bfc062723c751e8b465ee728b)  -> (artifact id: '39b03022c2124bd1843b2251ce9ab23f') in 0.056242 seconds 
========================================================================
Received Import Request.
  Time since last request: 0.000027 seconds.
  path: Assets/JapaneseHouse/roof end B.prefab
  artifactKey: Guid(69b8299914a52e848aeb913dd819308c) Importer(815301076,1909f56bfc062723c751e8b465ee728b)
Start importing Assets/JapaneseHouse/roof end B.prefab using Guid(69b8299914a52e848aeb913dd819308c) Importer(815301076,1909f56bfc062723c751e8b465ee728b)  -> (artifact id: 'd243edbdf8be6588570a62b17b9f56c4') in 0.019904 seconds 
========================================================================
Received Import Request.
  Time since last request: 0.000024 seconds.
  path: Assets/JapaneseHouse/roof corner A 2x2.prefab
  artifactKey: Guid(938ffbd9992b743498ba81aea14cefb4) Importer(815301076,1909f56bfc062723c751e8b465ee728b)
Start importing Assets/JapaneseHouse/roof corner A 2x2.prefab using Guid(938ffbd9992b743498ba81aea14cefb4) Importer(815301076,1909f56bfc062723c751e8b465ee728b)  -> (artifact id: '3083078f4bcdb8eaaee7f94ecdb0c8e0') in 0.022299 seconds 
========================================================================
Received Import Request.
  Time since last request: 0.000021 seconds.
  path: Assets/JapaneseHouse/wall small A.prefab
  artifactKey: Guid(61286ec7d8edc7348a632be14c4ec732) Importer(815301076,1909f56bfc062723c751e8b465ee728b)
Start importing Assets/JapaneseHouse/wall small A.prefab using Guid(61286ec7d8edc7348a632be14c4ec732) Importer(815301076,1909f56bfc062723c751e8b465ee728b)  -> (artifact id: '76f4b1113002e04a5c1b70b80ed96284') in 0.016813 seconds 
========================================================================
Received Import Request.
  Time since last request: 0.000021 seconds.
  path: Assets/JapaneseHouse/Window.prefab
  artifactKey: Guid(2e4806c0a761c7c4dbba18404f1a89e2) Importer(815301076,1909f56bfc062723c751e8b465ee728b)
Start importing Assets/JapaneseHouse/Window.prefab using Guid(2e4806c0a761c7c4dbba18404f1a89e2) Importer(815301076,1909f56bfc062723c751e8b465ee728b)  -> (artifact id: '6ddc566e56ded4969b3400230a1c9c27') in 0.016236 seconds 
========================================================================
Received Import Request.
  Time since last request: 0.000041 seconds.
  path: Assets/JapaneseHouse/wall C.prefab
  artifactKey: Guid(fb9daea3e1776ac4abbf19866c9a3b7b) Importer(815301076,1909f56bfc062723c751e8b465ee728b)
Start importing Assets/JapaneseHouse/wall C.prefab using Guid(fb9daea3e1776ac4abbf19866c9a3b7b) Importer(815301076,1909f56bfc062723c751e8b465ee728b)  -> (artifact id: '2e3e0354b5875142d0f9ed8ce55c7169') in 0.015432 seconds 
========================================================================
Received Import Request.
  Time since last request: 0.000032 seconds.
  path: Assets/JapaneseHouse/roof corner A 4x4.prefab
  artifactKey: Guid(ec7dfd93b1b95ee40ada4d9daa03b8af) Importer(815301076,1909f56bfc062723c751e8b465ee728b)
Start importing Assets/JapaneseHouse/roof corner A 4x4.prefab using Guid(ec7dfd93b1b95ee40ada4d9daa03b8af) Importer(815301076,1909f56bfc062723c751e8b465ee728b)  -> (artifact id: '661bd42d274d8b2b407905affea2874a') in 0.021124 seconds 
========================================================================
Received Import Request.
  Time since last request: 0.000048 seconds.
  path: Assets/JapaneseHouse/roof 4x4.prefab
  artifactKey: Guid(e2a7990e5599e8d4d9ee2a707c33fea8) Importer(815301076,1909f56bfc062723c751e8b465ee728b)
Start importing Assets/JapaneseHouse/roof 4x4.prefab using Guid(e2a7990e5599e8d4d9ee2a707c33fea8) Importer(815301076,1909f56bfc062723c751e8b465ee728b)  -> (artifact id: 'c28d5e498432f160e8e6f24196f518fa') in 0.019722 seconds 
========================================================================
Received Import Request.
  Time since last request: 0.000024 seconds.
  path: Assets/JapaneseHouse/roof corner B.prefab
  artifactKey: Guid(8adc02d7ffaab014c9c5b9c0918518c7) Importer(815301076,1909f56bfc062723c751e8b465ee728b)
Start importing Assets/JapaneseHouse/roof corner B.prefab using Guid(8adc02d7ffaab014c9c5b9c0918518c7) Importer(815301076,1909f56bfc062723c751e8b465ee728b)  -> (artifact id: 'b88c8ea84c25dc12b14b276b303cd53d') in 0.017352 seconds 
========================================================================
Received Import Request.
  Time since last request: 0.978599 seconds.
  path: Assets/JapaneseHouse/Materials/floor.mat
  artifactKey: Guid(3e89298c614b657489b52e1e7b702acd) Importer(815301076,1909f56bfc062723c751e8b465ee728b)
Start importing Assets/JapaneseHouse/Materials/floor.mat using Guid(3e89298c614b657489b52e1e7b702acd) Importer(815301076,1909f56bfc062723c751e8b465ee728b)  -> (artifact id: '851b532c9e3451a9d0452ce0739b33d0') in 0.014894 seconds 
========================================================================
Received Import Request.
  Time since last request: 0.000021 seconds.
  path: Assets/JapaneseHouse/Materials/wall 2.mat
  artifactKey: Guid(7ae2fee8461149646acbe37f3e4522fe) Importer(815301076,1909f56bfc062723c751e8b465ee728b)
Start importing Assets/JapaneseHouse/Materials/wall 2.mat using Guid(7ae2fee8461149646acbe37f3e4522fe) Importer(815301076,1909f56bfc062723c751e8b465ee728b)  -> (artifact id: 'cdb1613d768612a8cff76077e5c12d39') in 0.013082 seconds 
========================================================================
Received Import Request.
  Time since last request: 0.617088 seconds.
  path: Assets/JapaneseHouse/textures/door_Normal.png
  artifactKey: Guid(699b124b72c33334985f70940bcbc76b) Importer(815301076,1909f56bfc062723c751e8b465ee728b)
Start importing Assets/JapaneseHouse/textures/door_Normal.png using Guid(699b124b72c33334985f70940bcbc76b) Importer(815301076,1909f56bfc062723c751e8b465ee728b)  -> (artifact id: '02d5e14b4a80c79af9bb2b1414674568') in 0.012569 seconds 
========================================================================
Received Import Request.
  Time since last request: 19.422055 seconds.
  path: Assets/Lowpoly street/Lowpoly_street/Lightmap-0_comp_dir.png
  artifactKey: Guid(01d79a33ffa63044f9bedc20315b2e4a) Importer(815301076,1909f56bfc062723c751e8b465ee728b)
Start importing Assets/Lowpoly street/Lowpoly_street/Lightmap-0_comp_dir.png using Guid(01d79a33ffa63044f9bedc20315b2e4a) Importer(815301076,1909f56bfc062723c751e8b465ee728b)  -> (artifact id: 'fa00ad02310ccd3edbca9473c863249b') in 0.015421 seconds 
========================================================================
Received Import Request.
  Time since last request: 0.000033 seconds.
  path: Assets/Lowpoly street/Lowpoly_street/Lightmap-20_comp_dir.png
  artifactKey: Guid(03035071bad74b94d9d9392910b23694) Importer(815301076,1909f56bfc062723c751e8b465ee728b)
Start importing Assets/Lowpoly street/Lowpoly_street/Lightmap-20_comp_dir.png using Guid(03035071bad74b94d9d9392910b23694) Importer(815301076,1909f56bfc062723c751e8b465ee728b)  -> (artifact id: '3f6f4b124c2cc6c643b82547b99795ff') in 0.013394 seconds 
========================================================================
Received Import Request.
  Time since last request: 0.000033 seconds.
  path: Assets/Lowpoly street/Lowpoly_street/Lightmap-2_comp_light.exr
  artifactKey: Guid(5846c8fdbd6eb8b40a10c1c0d928c106) Importer(815301076,1909f56bfc062723c751e8b465ee728b)
Start importing Assets/Lowpoly street/Lowpoly_street/Lightmap-2_comp_light.exr using Guid(5846c8fdbd6eb8b40a10c1c0d928c106) Importer(815301076,1909f56bfc062723c751e8b465ee728b)  -> (artifact id: '9325c9825ccd62ef2344c4a4a68f2a07') in 0.019613 seconds 
========================================================================
Received Import Request.
  Time since last request: 0.000039 seconds.
  path: Assets/Lowpoly street/Lowpoly_street/Lightmap-15_comp_dir.png
  artifactKey: Guid(82f640c1de4b8544eaacb8186e272141) Importer(815301076,1909f56bfc062723c751e8b465ee728b)
Start importing Assets/Lowpoly street/Lowpoly_street/Lightmap-15_comp_dir.png using Guid(82f640c1de4b8544eaacb8186e272141) Importer(815301076,1909f56bfc062723c751e8b465ee728b)  -> (artifact id: '58cf8f7d706eb310621eca5ca5f237d5') in 0.013318 seconds 
========================================================================
Received Import Request.
  Time since last request: 0.000022 seconds.
  path: Assets/Lowpoly street/Lowpoly_street/Lightmap-16_comp_dir.png
  artifactKey: Guid(39af0581e1be1da4197614b8be3af22a) Importer(815301076,1909f56bfc062723c751e8b465ee728b)
Start importing Assets/Lowpoly street/Lowpoly_street/Lightmap-16_comp_dir.png using Guid(39af0581e1be1da4197614b8be3af22a) Importer(815301076,1909f56bfc062723c751e8b465ee728b)  -> (artifact id: 'c45e73411a955bce1de622dfa9924314') in 0.014491 seconds 
========================================================================
Received Import Request.
  Time since last request: 0.000028 seconds.
  path: Assets/Lowpoly street/Lowpoly_street/Lightmap-3_comp_light.exr
  artifactKey: Guid(a8d170fe02aee164e896e85a387a7181) Importer(815301076,1909f56bfc062723c751e8b465ee728b)
Start importing Assets/Lowpoly street/Lowpoly_street/Lightmap-3_comp_light.exr using Guid(a8d170fe02aee164e896e85a387a7181) Importer(815301076,1909f56bfc062723c751e8b465ee728b)  -> (artifact id: '19baa8238044572136ff84319c8c93aa') in 0.012379 seconds 
========================================================================
Received Import Request.
  Time since last request: 0.000028 seconds.
  path: Assets/Lowpoly street/Lowpoly_street/Lightmap-18_comp_light.exr
  artifactKey: Guid(850fc8404d73b6547ac5924ae411ccc9) Importer(815301076,1909f56bfc062723c751e8b465ee728b)
Start importing Assets/Lowpoly street/Lowpoly_street/Lightmap-18_comp_light.exr using Guid(850fc8404d73b6547ac5924ae411ccc9) Importer(815301076,1909f56bfc062723c751e8b465ee728b)  -> (artifact id: '653a664c645e2e5f8edabdf2fa86ce59') in 0.013728 seconds 
========================================================================
Received Import Request.
  Time since last request: 0.000022 seconds.
  path: Assets/Lowpoly street/Lowpoly_street/Lightmap-8_comp_light.exr
  artifactKey: Guid(5bb5bf9254344864c9dfad1ef8c85731) Importer(815301076,1909f56bfc062723c751e8b465ee728b)
Start importing Assets/Lowpoly street/Lowpoly_street/Lightmap-8_comp_light.exr using Guid(5bb5bf9254344864c9dfad1ef8c85731) Importer(815301076,1909f56bfc062723c751e8b465ee728b)  -> (artifact id: 'f5bf99a6ebe3a7cd273db40e33785e82') in 0.014103 seconds 
========================================================================
Received Import Request.
  Time since last request: 0.000028 seconds.
  path: Assets/Lowpoly street/Lowpoly_street/Lightmap-20_comp_light.exr
  artifactKey: Guid(ab9d35f2ecff927428019ef702a11a1c) Importer(815301076,1909f56bfc062723c751e8b465ee728b)
Start importing Assets/Lowpoly street/Lowpoly_street/Lightmap-20_comp_light.exr using Guid(ab9d35f2ecff927428019ef702a11a1c) Importer(815301076,1909f56bfc062723c751e8b465ee728b)  -> (artifact id: '3742029adeffa90413383678a190c2de') in 0.012243 seconds 
========================================================================
Received Import Request.
  Time since last request: 0.000017 seconds.
  path: Assets/Lowpoly street/Lowpoly_street/Lightmap-4_comp_light.exr
  artifactKey: Guid(2e4081fce4f8f554a842a349770c3454) Importer(815301076,1909f56bfc062723c751e8b465ee728b)
Start importing Assets/Lowpoly street/Lowpoly_street/Lightmap-4_comp_light.exr using Guid(2e4081fce4f8f554a842a349770c3454) Importer(815301076,1909f56bfc062723c751e8b465ee728b)  -> (artifact id: '84791ec870c156bf864a19f77d107f5c') in 0.012709 seconds 
========================================================================
Received Import Request.
  Time since last request: 0.000023 seconds.
  path: Assets/Lowpoly street/Lowpoly_street/Lightmap-12_comp_light.exr
  artifactKey: Guid(7ecc521ff565d204c98a675f2b3990f4) Importer(815301076,1909f56bfc062723c751e8b465ee728b)
Start importing Assets/Lowpoly street/Lowpoly_street/Lightmap-12_comp_light.exr using Guid(7ecc521ff565d204c98a675f2b3990f4) Importer(815301076,1909f56bfc062723c751e8b465ee728b)  -> (artifact id: '19078cc372e6fc396b6c5684dab92759') in 0.013255 seconds 
========================================================================
Received Import Request.
  Time since last request: 0.000030 seconds.
  path: Assets/Lowpoly street/Lowpoly_street/Lightmap-10_comp_dir.png
  artifactKey: Guid(08ea6e0e9151587498e12e73d83bb94a) Importer(815301076,1909f56bfc062723c751e8b465ee728b)
Start importing Assets/Lowpoly street/Lowpoly_street/Lightmap-10_comp_dir.png using Guid(08ea6e0e9151587498e12e73d83bb94a) Importer(815301076,1909f56bfc062723c751e8b465ee728b)  -> (artifact id: 'd270ce0523dd899e504888e0995e9c56') in 0.013078 seconds 
========================================================================
Received Import Request.
  Time since last request: 0.846365 seconds.
  path: Assets/Lowpoly street/Lowpoly_street/Lightmap-22_comp_light.exr
  artifactKey: Guid(89bbb0549424c2e4c8a5b63d1b282dc7) Importer(815301076,1909f56bfc062723c751e8b465ee728b)
Start importing Assets/Lowpoly street/Lowpoly_street/Lightmap-22_comp_light.exr using Guid(89bbb0549424c2e4c8a5b63d1b282dc7) Importer(815301076,1909f56bfc062723c751e8b465ee728b)  -> (artifact id: '4bb987a0ba3ae349c7e35ba89616b4c3') in 0.013795 seconds 
========================================================================
Received Import Request.
  Time since last request: 0.000022 seconds.
  path: Assets/Lowpoly street/Lowpoly_street/Lightmap-25_comp_dir.png
  artifactKey: Guid(752958f90b4873342ab97cddb00a4961) Importer(815301076,1909f56bfc062723c751e8b465ee728b)
Start importing Assets/Lowpoly street/Lowpoly_street/Lightmap-25_comp_dir.png using Guid(752958f90b4873342ab97cddb00a4961) Importer(815301076,1909f56bfc062723c751e8b465ee728b)  -> (artifact id: '89a207faf16c2248437f1342b7a5f8c3') in 0.014119 seconds 
========================================================================
Received Import Request.
  Time since last request: 0.000028 seconds.
  path: Assets/Lowpoly street/Lowpoly_street/Lightmap-28_comp_dir.png
  artifactKey: Guid(701a49f31517d53449a60d825eac1380) Importer(815301076,1909f56bfc062723c751e8b465ee728b)
Start importing Assets/Lowpoly street/Lowpoly_street/Lightmap-28_comp_dir.png using Guid(701a49f31517d53449a60d825eac1380) Importer(815301076,1909f56bfc062723c751e8b465ee728b)  -> (artifact id: '5afb857ce865b01012a350abf5202fb6') in 0.012299 seconds 
========================================================================
Received Import Request.
  Time since last request: 0.000024 seconds.
  path: Assets/Lowpoly street/Lowpoly_street/Lightmap-26_comp_dir.png
  artifactKey: Guid(fc6eb510b66db0a49808fe4211a1a234) Importer(815301076,1909f56bfc062723c751e8b465ee728b)
Start importing Assets/Lowpoly street/Lowpoly_street/Lightmap-26_comp_dir.png using Guid(fc6eb510b66db0a49808fe4211a1a234) Importer(815301076,1909f56bfc062723c751e8b465ee728b)  -> (artifact id: 'a389b5a1d82948578cc9c293d7094d45') in 0.014063 seconds 
========================================================================
Received Import Request.
  Time since last request: 0.000020 seconds.
  path: Assets/Lowpoly street/Lowpoly_street/Lightmap-30_comp_dir.png
  artifactKey: Guid(9902c1da2958ad04a9a1aa53f8e26425) Importer(815301076,1909f56bfc062723c751e8b465ee728b)
Start importing Assets/Lowpoly street/Lowpoly_street/Lightmap-30_comp_dir.png using Guid(9902c1da2958ad04a9a1aa53f8e26425) Importer(815301076,1909f56bfc062723c751e8b465ee728b)  -> (artifact id: '5edfcfc4f996c53a6ba5783da6ec09a4') in 0.013127 seconds 
========================================================================
Received Import Request.
  Time since last request: 0.000021 seconds.
  path: Assets/Lowpoly street/Lowpoly_street/Lightmap-31_comp_dir.png
  artifactKey: Guid(4399d8dc2e8ec1c4e9d0b9f9455588c2) Importer(815301076,1909f56bfc062723c751e8b465ee728b)
Start importing Assets/Lowpoly street/Lowpoly_street/Lightmap-31_comp_dir.png using Guid(4399d8dc2e8ec1c4e9d0b9f9455588c2) Importer(815301076,1909f56bfc062723c751e8b465ee728b)  -> (artifact id: '5ed2a0474735b4077ff047df30ccc707') in 0.014148 seconds 
========================================================================
Received Import Request.
  Time since last request: 0.141398 seconds.
  path: Assets/Lowpoly street/Lowpoly_street/Lightmap-33_comp_light.exr
  artifactKey: Guid(649f06007525c9b46a21908655b615ef) Importer(815301076,1909f56bfc062723c751e8b465ee728b)
Start importing Assets/Lowpoly street/Lowpoly_street/Lightmap-33_comp_light.exr using Guid(649f06007525c9b46a21908655b615ef) Importer(815301076,1909f56bfc062723c751e8b465ee728b)  -> (artifact id: 'b798cda70c47015babbabac9dca26c13') in 0.014096 seconds 
========================================================================
Received Import Request.
  Time since last request: 0.000030 seconds.
  path: Assets/Lowpoly street/Lowpoly_street/Lightmap-37_comp_dir.png
  artifactKey: Guid(4d75f2ed0dfa6a244828fc2e63e1eb9d) Importer(815301076,1909f56bfc062723c751e8b465ee728b)
Start importing Assets/Lowpoly street/Lowpoly_street/Lightmap-37_comp_dir.png using Guid(4d75f2ed0dfa6a244828fc2e63e1eb9d) Importer(815301076,1909f56bfc062723c751e8b465ee728b)  -> (artifact id: '19742ca8ab0c1c7777591ae103da2a50') in 0.013331 seconds 
========================================================================
Received Import Request.
  Time since last request: 0.000023 seconds.
  path: Assets/Lowpoly street/Lowpoly_street/Lightmap-35_comp_light.exr
  artifactKey: Guid(947460582534f7641b0743711362be4e) Importer(815301076,1909f56bfc062723c751e8b465ee728b)
Start importing Assets/Lowpoly street/Lowpoly_street/Lightmap-35_comp_light.exr using Guid(947460582534f7641b0743711362be4e) Importer(815301076,1909f56bfc062723c751e8b465ee728b)  -> (artifact id: '2eae501fb0226df0ea581be5ac29d784') in 0.014447 seconds 
========================================================================
Received Import Request.
  Time since last request: 0.176968 seconds.
  path: Assets/Lowpoly street/Lowpoly_street/Lightmap-39_comp_dir.png
  artifactKey: Guid(6fc86d6c79eb3a641854e8fd285f4ae3) Importer(815301076,1909f56bfc062723c751e8b465ee728b)
Start importing Assets/Lowpoly street/Lowpoly_street/Lightmap-39_comp_dir.png using Guid(6fc86d6c79eb3a641854e8fd285f4ae3) Importer(815301076,1909f56bfc062723c751e8b465ee728b)  -> (artifact id: '8567da05131533443d37f3698d93284a') in 0.014420 seconds 
========================================================================
Received Import Request.
  Time since last request: 0.000024 seconds.
  path: Assets/Lowpoly street/Lowpoly_street/Lightmap-41_comp_light.exr
  artifactKey: Guid(c19bdc1b6785a8a49a1a24895bab0aad) Importer(815301076,1909f56bfc062723c751e8b465ee728b)
Start importing Assets/Lowpoly street/Lowpoly_street/Lightmap-41_comp_light.exr using Guid(c19bdc1b6785a8a49a1a24895bab0aad) Importer(815301076,1909f56bfc062723c751e8b465ee728b)  -> (artifact id: '3b4356858c1c5c41b107b8729c06590f') in 0.011453 seconds 
========================================================================
Received Import Request.
  Time since last request: 0.000032 seconds.
  path: Assets/Lowpoly street/Lowpoly_street/Lightmap-48_comp_light.exr
  artifactKey: Guid(29f3c00ef8d75df418d162136d97a7a7) Importer(815301076,1909f56bfc062723c751e8b465ee728b)
Start importing Assets/Lowpoly street/Lowpoly_street/Lightmap-48_comp_light.exr using Guid(29f3c00ef8d75df418d162136d97a7a7) Importer(815301076,1909f56bfc062723c751e8b465ee728b)  -> (artifact id: '969545f9e0b63f4cb69cd63cbcbee935') in 0.013807 seconds 
========================================================================
Received Import Request.
  Time since last request: 0.000028 seconds.
  path: Assets/Lowpoly street/Lowpoly_street/Lightmap-44_comp_light.exr
  artifactKey: Guid(9b84883df31deb44ea828ee8b9354a5b) Importer(815301076,1909f56bfc062723c751e8b465ee728b)
Start importing Assets/Lowpoly street/Lowpoly_street/Lightmap-44_comp_light.exr using Guid(9b84883df31deb44ea828ee8b9354a5b) Importer(815301076,1909f56bfc062723c751e8b465ee728b)  -> (artifact id: 'b37c0f3900f932647781d47a12294b30') in 0.014213 seconds 
========================================================================
Received Import Request.
  Time since last request: 0.000025 seconds.
  path: Assets/Lowpoly street/Lowpoly_street/Lightmap-40_comp_light.exr
  artifactKey: Guid(659edb6cff7bdcc46a0accc738bb0583) Importer(815301076,1909f56bfc062723c751e8b465ee728b)
Start importing Assets/Lowpoly street/Lowpoly_street/Lightmap-40_comp_light.exr using Guid(659edb6cff7bdcc46a0accc738bb0583) Importer(815301076,1909f56bfc062723c751e8b465ee728b)  -> (artifact id: '0799962d9bfb838ca564adf6e96fa364') in 0.013613 seconds 
========================================================================
Received Import Request.
  Time since last request: 0.000023 seconds.
  path: Assets/Lowpoly street/Lowpoly_street/Lightmap-46_comp_dir.png
  artifactKey: Guid(2f8d4135859d2d54e942cd1552d5af44) Importer(815301076,1909f56bfc062723c751e8b465ee728b)
Start importing Assets/Lowpoly street/Lowpoly_street/Lightmap-46_comp_dir.png using Guid(2f8d4135859d2d54e942cd1552d5af44) Importer(815301076,1909f56bfc062723c751e8b465ee728b)  -> (artifact id: '93dd4332f4bf33bf0ae9f30a121e31c7') in 0.014367 seconds 
========================================================================
Received Import Request.
  Time since last request: 0.130636 seconds.
  path: Assets/Lowpoly street/Lowpoly_street/Lightmap-50_comp_dir.png
  artifactKey: Guid(bbad8c7bc34314c44986b30cf276d09b) Importer(815301076,1909f56bfc062723c751e8b465ee728b)
Start importing Assets/Lowpoly street/Lowpoly_street/Lightmap-50_comp_dir.png using Guid(bbad8c7bc34314c44986b30cf276d09b) Importer(815301076,1909f56bfc062723c751e8b465ee728b)  -> (artifact id: '1ac2f6f1126e528603c23873d954f3ab') in 0.014652 seconds 
========================================================================
Received Import Request.
  Time since last request: 0.000022 seconds.
  path: Assets/Lowpoly street/Lowpoly_street/Lightmap-52_comp_light.exr
  artifactKey: Guid(4f69701fd1998554ea970bc0cac32b85) Importer(815301076,1909f56bfc062723c751e8b465ee728b)
Start importing Assets/Lowpoly street/Lowpoly_street/Lightmap-52_comp_light.exr using Guid(4f69701fd1998554ea970bc0cac32b85) Importer(815301076,1909f56bfc062723c751e8b465ee728b)  -> (artifact id: '24b35a3a502f979654269ff36e11d9f9') in 0.012462 seconds 
========================================================================
Received Import Request.
  Time since last request: 0.000020 seconds.
  path: Assets/Lowpoly street/Lowpoly_street/Lightmap-59_comp_dir.png
  artifactKey: Guid(5e2f88564fab7db49a3dac5fad7ef4a8) Importer(815301076,1909f56bfc062723c751e8b465ee728b)
Start importing Assets/Lowpoly street/Lowpoly_street/Lightmap-59_comp_dir.png using Guid(5e2f88564fab7db49a3dac5fad7ef4a8) Importer(815301076,1909f56bfc062723c751e8b465ee728b)  -> (artifact id: 'b38e5f07d0b5ffff849bf60e6fc295e7') in 0.013425 seconds 
========================================================================
Received Import Request.
  Time since last request: 0.000027 seconds.
  path: Assets/Lowpoly street/Lowpoly_street/Lightmap-65_comp_dir.png
  artifactKey: Guid(3dbc2fb37faadb14bb297f7c7e692eb6) Importer(815301076,1909f56bfc062723c751e8b465ee728b)
Start importing Assets/Lowpoly street/Lowpoly_street/Lightmap-65_comp_dir.png using Guid(3dbc2fb37faadb14bb297f7c7e692eb6) Importer(815301076,1909f56bfc062723c751e8b465ee728b)  -> (artifact id: '0e9012b9b4e82362621a82d190cc65ba') in 0.014242 seconds 
========================================================================
Received Import Request.
  Time since last request: 0.000025 seconds.
  path: Assets/Lowpoly street/Lowpoly_street/Lightmap-64_comp_light.exr
  artifactKey: Guid(a16b171d518233145b6c749c96c76b8b) Importer(815301076,1909f56bfc062723c751e8b465ee728b)
Start importing Assets/Lowpoly street/Lowpoly_street/Lightmap-64_comp_light.exr using Guid(a16b171d518233145b6c749c96c76b8b) Importer(815301076,1909f56bfc062723c751e8b465ee728b)  -> (artifact id: '77e0a18114fd2a5775102558699cd15f') in 0.014594 seconds 
========================================================================
Received Import Request.
  Time since last request: 0.000030 seconds.
  path: Assets/Lowpoly street/Lowpoly_street/Lightmap-56_comp_dir.png
  artifactKey: Guid(1c5fb738746461b4b949281814508181) Importer(815301076,1909f56bfc062723c751e8b465ee728b)
Start importing Assets/Lowpoly street/Lowpoly_street/Lightmap-56_comp_dir.png using Guid(1c5fb738746461b4b949281814508181) Importer(815301076,1909f56bfc062723c751e8b465ee728b)  -> (artifact id: 'e896308c032127d1580d84c85136abe2') in 0.013775 seconds 
========================================================================
Received Import Request.
  Time since last request: 0.000030 seconds.
  path: Assets/Lowpoly street/Lowpoly_street/Lightmap-58_comp_light.exr
  artifactKey: Guid(870ddadddf05a184483762ad38bad2e3) Importer(815301076,1909f56bfc062723c751e8b465ee728b)
Start importing Assets/Lowpoly street/Lowpoly_street/Lightmap-58_comp_light.exr using Guid(870ddadddf05a184483762ad38bad2e3) Importer(815301076,1909f56bfc062723c751e8b465ee728b)  -> (artifact id: '451efa848b771070f44f9e5df2b65d7a') in 0.013291 seconds 
========================================================================
Received Import Request.
  Time since last request: 0.000025 seconds.
  path: Assets/Lowpoly street/Lowpoly_street/Lightmap-61_comp_dir.png
  artifactKey: Guid(3e7377a31b2b500479de8aae6a80fca6) Importer(815301076,1909f56bfc062723c751e8b465ee728b)
Start importing Assets/Lowpoly street/Lowpoly_street/Lightmap-61_comp_dir.png using Guid(3e7377a31b2b500479de8aae6a80fca6) Importer(815301076,1909f56bfc062723c751e8b465ee728b)  -> (artifact id: '973bbe6be6d3743f2cc746a1c98acb02') in 0.013137 seconds 
========================================================================
Received Import Request.
  Time since last request: 0.000035 seconds.
  path: Assets/Lowpoly street/Lowpoly_street/Lightmap-64_comp_dir.png
  artifactKey: Guid(945ebd9ea7de03342918769e1d214c7d) Importer(815301076,1909f56bfc062723c751e8b465ee728b)
Start importing Assets/Lowpoly street/Lowpoly_street/Lightmap-64_comp_dir.png using Guid(945ebd9ea7de03342918769e1d214c7d) Importer(815301076,1909f56bfc062723c751e8b465ee728b)  -> (artifact id: 'f09adeb5ca7010cd10d68a22538f0fa5') in 0.013129 seconds 
========================================================================
Received Import Request.
  Time since last request: 0.071193 seconds.
  path: Assets/Lowpoly street/Lowpoly_street/Lightmap-66_comp_light.exr
  artifactKey: Guid(3eb77ea67bb2b2a4590494359e57d9a4) Importer(815301076,1909f56bfc062723c751e8b465ee728b)
Start importing Assets/Lowpoly street/Lowpoly_street/Lightmap-66_comp_light.exr using Guid(3eb77ea67bb2b2a4590494359e57d9a4) Importer(815301076,1909f56bfc062723c751e8b465ee728b)  -> (artifact id: '6750bf90c7a6dfa39f168c490877e1a0') in 0.014092 seconds 
========================================================================
Received Import Request.
  Time since last request: 0.000025 seconds.
  path: Assets/Lowpoly street/Lowpoly_street/Lightmap-70_comp_light.exr
  artifactKey: Guid(7f361c2ed7fd256448c9d63b087e2ae5) Importer(815301076,1909f56bfc062723c751e8b465ee728b)
Start importing Assets/Lowpoly street/Lowpoly_street/Lightmap-70_comp_light.exr using Guid(7f361c2ed7fd256448c9d63b087e2ae5) Importer(815301076,1909f56bfc062723c751e8b465ee728b)  -> (artifact id: 'd4639485a1e8e0f03e605ef4cae5e4e9') in 0.013277 seconds 
========================================================================
Received Import Request.
  Time since last request: 0.000034 seconds.
  path: Assets/Lowpoly street/Lowpoly_street/Lightmap-68_comp_light.exr
  artifactKey: Guid(a6a47eaa4f187604d93f157296744252) Importer(815301076,1909f56bfc062723c751e8b465ee728b)
Start importing Assets/Lowpoly street/Lowpoly_street/Lightmap-68_comp_light.exr using Guid(a6a47eaa4f187604d93f157296744252) Importer(815301076,1909f56bfc062723c751e8b465ee728b)  -> (artifact id: 'f1f7471b7cc72f8b39a83d4e43a3b8e5') in 0.012409 seconds 
========================================================================
Received Import Request.
  Time since last request: 0.000032 seconds.
  path: Assets/Lowpoly street/Lowpoly_street/Lightmap-72_comp_light.exr
  artifactKey: Guid(8a8ac01c75437c046a409a28120df4ff) Importer(815301076,1909f56bfc062723c751e8b465ee728b)
Start importing Assets/Lowpoly street/Lowpoly_street/Lightmap-72_comp_light.exr using Guid(8a8ac01c75437c046a409a28120df4ff) Importer(815301076,1909f56bfc062723c751e8b465ee728b)  -> (artifact id: 'f93d168911ef6c86f80c2cadd5afa8f0') in 0.012749 seconds 
========================================================================
Received Import Request.
  Time since last request: 4.182826 seconds.
  path: Assets/Lowpoly street/Models/Bench/Materials/Bench_Bench_BaseMap.png
  artifactKey: Guid(0f4da5b16f937d848b1cb5995da5ee83) Importer(815301076,1909f56bfc062723c751e8b465ee728b)
Start importing Assets/Lowpoly street/Models/Bench/Materials/Bench_Bench_BaseMap.png using Guid(0f4da5b16f937d848b1cb5995da5ee83) Importer(815301076,1909f56bfc062723c751e8b465ee728b)  -> (artifact id: 'fbc3fd775343b8ecb375bec28da990f0') in 0.013268 seconds 
========================================================================
Received Import Request.
  Time since last request: 6.948795 seconds.
  path: Assets/Lowpoly street/Models/Bridge/Materials/Bridge_Bridge_BaseMap.png
  artifactKey: Guid(13a9e71c38db27f4082644dc373886a3) Importer(815301076,1909f56bfc062723c751e8b465ee728b)
Start importing Assets/Lowpoly street/Models/Bridge/Materials/Bridge_Bridge_BaseMap.png using Guid(13a9e71c38db27f4082644dc373886a3) Importer(815301076,1909f56bfc062723c751e8b465ee728b)  -> (artifact id: '8e16fdc51617e341c65f81ccc1705d67') in 0.013340 seconds 
========================================================================
Received Import Request.
  Time since last request: 10.774757 seconds.
  path: Assets/Lowpoly street/Models/Building/Materials/Building_Front.mat
  artifactKey: Guid(603812505ecee494981676d9aab947db) Importer(815301076,1909f56bfc062723c751e8b465ee728b)
Start importing Assets/Lowpoly street/Models/Building/Materials/Building_Front.mat using Guid(603812505ecee494981676d9aab947db) Importer(815301076,1909f56bfc062723c751e8b465ee728b)  -> (artifact id: '454bc364352a8fb2555550a43a2e87ab') in 0.015925 seconds 
========================================================================
Received Import Request.
  Time since last request: 0.000022 seconds.
  path: Assets/Lowpoly street/Models/Building/Materials/Building_Vegetation.mat
  artifactKey: Guid(1d7dc9c9d11b36645bdef07d0c3b0df0) Importer(815301076,1909f56bfc062723c751e8b465ee728b)
Start importing Assets/Lowpoly street/Models/Building/Materials/Building_Vegetation.mat using Guid(1d7dc9c9d11b36645bdef07d0c3b0df0) Importer(815301076,1909f56bfc062723c751e8b465ee728b)  -> (artifact id: '643bcb0335c33ddeb3abbd327d8d18fb') in 0.015322 seconds 
========================================================================
Received Import Request.
  Time since last request: 0.000036 seconds.
  path: Assets/Lowpoly street/Models/Building/Materials/BuildingV2_Building_Vegetation_BaseMap.png
  artifactKey: Guid(d14b87f8d4510514d95c6b6ee4b244fd) Importer(815301076,1909f56bfc062723c751e8b465ee728b)
Start importing Assets/Lowpoly street/Models/Building/Materials/BuildingV2_Building_Vegetation_BaseMap.png using Guid(d14b87f8d4510514d95c6b6ee4b244fd) Importer(815301076,1909f56bfc062723c751e8b465ee728b)  -> (artifact id: '7be8f9c4017c4ede47c54ad7a239b793') in 0.012266 seconds 
========================================================================
Received Import Request.
  Time since last request: 0.000023 seconds.
  path: Assets/Lowpoly street/Models/Building/Materials/BuildingV2_Building_RDC_Specular.png
  artifactKey: Guid(fc038262c2186c542a705bc5511567c5) Importer(815301076,1909f56bfc062723c751e8b465ee728b)
Start importing Assets/Lowpoly street/Models/Building/Materials/BuildingV2_Building_RDC_Specular.png using Guid(fc038262c2186c542a705bc5511567c5) Importer(815301076,1909f56bfc062723c751e8b465ee728b)  -> (artifact id: '0e3b2b9fc393f0ef486df566cae52907') in 0.018689 seconds 
========================================================================
Received Import Request.
  Time since last request: 0.000028 seconds.
  path: Assets/Lowpoly street/Models/Building/Materials/BuildingV2_Building_Balcon_Normal.png
  artifactKey: Guid(9b5bccfebd508cc40b029839d6bcdeb4) Importer(815301076,1909f56bfc062723c751e8b465ee728b)
Start importing Assets/Lowpoly street/Models/Building/Materials/BuildingV2_Building_Balcon_Normal.png using Guid(9b5bccfebd508cc40b029839d6bcdeb4) Importer(815301076,1909f56bfc062723c751e8b465ee728b)  -> (artifact id: '631b1bc08551986897755f8f1d35bcc3') in 0.017056 seconds 
========================================================================
Received Import Request.
  Time since last request: 0.000024 seconds.
  path: Assets/Lowpoly street/Models/Building/Materials/BuildingV2_Building_Vegetation_MaskMap.png
  artifactKey: Guid(d5c2041276dbe52479ad7409e522d825) Importer(815301076,1909f56bfc062723c751e8b465ee728b)
Start importing Assets/Lowpoly street/Models/Building/Materials/BuildingV2_Building_Vegetation_MaskMap.png using Guid(d5c2041276dbe52479ad7409e522d825) Importer(815301076,1909f56bfc062723c751e8b465ee728b)  -> (artifact id: 'a13496accf787ecf35aa2dc9cd675dab') in 0.013047 seconds 
========================================================================
Received Import Request.
  Time since last request: 8.658220 seconds.
  path: Assets/Lowpoly street/Models/Car/Materials/Car_blue_Car_BaseMap.png
  artifactKey: Guid(616ef7b0e7e2bd84781d442016f77800) Importer(815301076,1909f56bfc062723c751e8b465ee728b)
Start importing Assets/Lowpoly street/Models/Car/Materials/Car_blue_Car_BaseMap.png using Guid(616ef7b0e7e2bd84781d442016f77800) Importer(815301076,1909f56bfc062723c751e8b465ee728b)  -> (artifact id: '88960b66ed3ffebe91a3a2cbb9044084') in 0.024442 seconds 
========================================================================
Received Import Request.
  Time since last request: 0.000022 seconds.
  path: Assets/Lowpoly street/Models/Car/Materials/Car_Vert.mat
  artifactKey: Guid(117e87ab145a9cf4da9590d3979267a7) Importer(815301076,1909f56bfc062723c751e8b465ee728b)
Start importing Assets/Lowpoly street/Models/Car/Materials/Car_Vert.mat using Guid(117e87ab145a9cf4da9590d3979267a7) Importer(815301076,1909f56bfc062723c751e8b465ee728b)  -> (artifact id: 'ada29ecbfeacd543b60d8bff2691051b') in 0.017759 seconds 
========================================================================
Received Import Request.
  Time since last request: 0.000017 seconds.
  path: Assets/Lowpoly street/Models/Car/Materials/Car_red_Car_BaseMap.png
  artifactKey: Guid(715dcc47cd362594db7dcf6e0c5f23a1) Importer(815301076,1909f56bfc062723c751e8b465ee728b)
Start importing Assets/Lowpoly street/Models/Car/Materials/Car_red_Car_BaseMap.png using Guid(715dcc47cd362594db7dcf6e0c5f23a1) Importer(815301076,1909f56bfc062723c751e8b465ee728b)  -> (artifact id: 'e797af847f23f6be3c392f8104e620fc') in 0.017716 seconds 
========================================================================
Received Import Request.
  Time since last request: 17.145437 seconds.
  path: Assets/Lowpoly street/Models/Cloud/Cloud02.fbx
  artifactKey: Guid(be0a0583b75e0e142b5dd560def15418) Importer(815301076,1909f56bfc062723c751e8b465ee728b)
Start importing Assets/Lowpoly street/Models/Cloud/Cloud02.fbx using Guid(be0a0583b75e0e142b5dd560def15418) Importer(815301076,1909f56bfc062723c751e8b465ee728b)  -> (artifact id: 'b7902cbca2f71879aef79b3fc78740ea') in 0.018691 seconds 
========================================================================
Received Import Request.
  Time since last request: 4.832797 seconds.
  path: Assets/Lowpoly street/Models/Cloud/Materials/Cloud_Whole_Cloud_BaseMap.png
  artifactKey: Guid(e088ece1cfff66c419e9c86ba8c43d0f) Importer(815301076,1909f56bfc062723c751e8b465ee728b)
Start importing Assets/Lowpoly street/Models/Cloud/Materials/Cloud_Whole_Cloud_BaseMap.png using Guid(e088ece1cfff66c419e9c86ba8c43d0f) Importer(815301076,1909f56bfc062723c751e8b465ee728b)  -> (artifact id: '6cf7dc6317cb5ff4fe3b21488fc13361') in 0.019103 seconds 
========================================================================
Received Import Request.
  Time since last request: 9.663645 seconds.
  path: Assets/Lowpoly street/Models/Culture/Materials/Agriculture_Culture_BaseMap.png
  artifactKey: Guid(9920ae6dc5f76a44191a4ada395f8413) Importer(815301076,1909f56bfc062723c751e8b465ee728b)
Start importing Assets/Lowpoly street/Models/Culture/Materials/Agriculture_Culture_BaseMap.png using Guid(9920ae6dc5f76a44191a4ada395f8413) Importer(815301076,1909f56bfc062723c751e8b465ee728b)  -> (artifact id: 'dcdbfc37e25319f78238e9632b81f945') in 0.023355 seconds 
========================================================================
Received Import Request.
  Time since last request: 11.138819 seconds.
  path: Assets/Lowpoly street/Models/Eolienne/Materials/Wind_Turbine_Wind_Turbin_BaseMap.png
  artifactKey: Guid(75e366d499c27884d86265b5242fb8ab) Importer(815301076,1909f56bfc062723c751e8b465ee728b)
Start importing Assets/Lowpoly street/Models/Eolienne/Materials/Wind_Turbine_Wind_Turbin_BaseMap.png using Guid(75e366d499c27884d86265b5242fb8ab) Importer(815301076,1909f56bfc062723c751e8b465ee728b)  -> (artifact id: '3a90bf634f0ab9035eba142a1ddb5a7b') in 0.015166 seconds 
========================================================================
Received Import Request.
  Time since last request: 5.367681 seconds.
  path: Assets/Lowpoly street/Models/Fountain/Fountain_Details.fbx
  artifactKey: Guid(b605798cf9b140b49bb06e60eae9b87f) Importer(815301076,1909f56bfc062723c751e8b465ee728b)
Start importing Assets/Lowpoly street/Models/Fountain/Fountain_Details.fbx using Guid(b605798cf9b140b49bb06e60eae9b87f) Importer(815301076,1909f56bfc062723c751e8b465ee728b)  -> (artifact id: 'db6bdea0e7ab169dd420f2e56087d145') in 0.018176 seconds 
========================================================================
Received Import Request.
  Time since last request: 2.193551 seconds.
  path: Assets/Lowpoly street/Models/Fountain/Materials/Fountain_Details.mat
  artifactKey: Guid(a2e05d9ccbdf08d498c27256948bf9f7) Importer(815301076,1909f56bfc062723c751e8b465ee728b)
Start importing Assets/Lowpoly street/Models/Fountain/Materials/Fountain_Details.mat using Guid(a2e05d9ccbdf08d498c27256948bf9f7) Importer(815301076,1909f56bfc062723c751e8b465ee728b)  -> (artifact id: '70d98477d9744d21b566f2c6d7b75b5e') in 0.021448 seconds 
========================================================================
Received Import Request.
  Time since last request: 0.000022 seconds.
  path: Assets/Lowpoly street/Models/Fountain/Materials/Fountain_fountain_Water_MaskMap.png
  artifactKey: Guid(792f5c3a2afc1934dac773bf5a230e54) Importer(815301076,1909f56bfc062723c751e8b465ee728b)
Start importing Assets/Lowpoly street/Models/Fountain/Materials/Fountain_fountain_Water_MaskMap.png using Guid(792f5c3a2afc1934dac773bf5a230e54) Importer(815301076,1909f56bfc062723c751e8b465ee728b)  -> (artifact id: '03b426438274ba43e8ceb64cb69cb2d2') in 0.020685 seconds 
========================================================================
Received Import Request.
  Time since last request: 0.000021 seconds.
  path: Assets/Lowpoly street/Models/Fountain/Materials/Fountain_fountain_Water_Specular.png
  artifactKey: Guid(05e137df5ff42424dad2a3f9b9f45ce2) Importer(815301076,1909f56bfc062723c751e8b465ee728b)
Start importing Assets/Lowpoly street/Models/Fountain/Materials/Fountain_fountain_Water_Specular.png using Guid(05e137df5ff42424dad2a3f9b9f45ce2) Importer(815301076,1909f56bfc062723c751e8b465ee728b)  -> (artifact id: 'cc8a538fc222cad69af8db7af8b17ff4') in 0.012569 seconds 
========================================================================
Received Import Request.
  Time since last request: 0.000025 seconds.
  path: Assets/Lowpoly street/Models/Fountain/Materials/Fountain_fountain_Water_Normal.png
  artifactKey: Guid(e251b8c4d0cbc44428e40f57f644630b) Importer(815301076,1909f56bfc062723c751e8b465ee728b)
Start importing Assets/Lowpoly street/Models/Fountain/Materials/Fountain_fountain_Water_Normal.png using Guid(e251b8c4d0cbc44428e40f57f644630b) Importer(815301076,1909f56bfc062723c751e8b465ee728b)  -> (artifact id: 'a8d742247b93a339c6da6dca0747b1f3') in 0.012132 seconds 
========================================================================
Received Import Request.
  Time since last request: 13.081951 seconds.
  path: Assets/Lowpoly street/Models/Hot_air_baloon/Materials/Hot_air_Balloon_Hot air balloon_BaseMap.png
  artifactKey: Guid(2c605927167171746b2a67cf69f806a8) Importer(815301076,1909f56bfc062723c751e8b465ee728b)
Start importing Assets/Lowpoly street/Models/Hot_air_baloon/Materials/Hot_air_Balloon_Hot air balloon_BaseMap.png using Guid(2c605927167171746b2a67cf69f806a8) Importer(815301076,1909f56bfc062723c751e8b465ee728b)  -> (artifact id: '69dde92daa1ab7e5ef9dd20e3e5366c3') in 0.026314 seconds 
========================================================================
Received Import Request.
  Time since last request: 23.565167 seconds.
  path: Assets/Lowpoly street/Models/House01/Materials/alt House01_02.mat
  artifactKey: Guid(0600eaec3ebc24d47ba0f54477974c41) Importer(815301076,1909f56bfc062723c751e8b465ee728b)
Start importing Assets/Lowpoly street/Models/House01/Materials/alt House01_02.mat using Guid(0600eaec3ebc24d47ba0f54477974c41) Importer(815301076,1909f56bfc062723c751e8b465ee728b)  -> (artifact id: '987c862b0c23c649631e86163a05e0ad') in 0.035040 seconds 
========================================================================
Received Import Request.
  Time since last request: 0.000028 seconds.
  path: Assets/Lowpoly street/Models/House01/Materials/House01_low_House01_01_Normal.png
  artifactKey: Guid(a3ba0f5fb19668e44aff6a065d24d128) Importer(815301076,1909f56bfc062723c751e8b465ee728b)
Start importing Assets/Lowpoly street/Models/House01/Materials/House01_low_House01_01_Normal.png using Guid(a3ba0f5fb19668e44aff6a065d24d128) Importer(815301076,1909f56bfc062723c751e8b465ee728b)  -> (artifact id: '33cd0cb8e8017279d32e97847bdac738') in 0.018128 seconds 
========================================================================
Received Import Request.
  Time since last request: 0.000048 seconds.
  path: Assets/Lowpoly street/Models/House01/Materials/House01_low_House01_02_Normal.png
  artifactKey: Guid(10ea24316b62bfb45b1632e7642cce90) Importer(815301076,1909f56bfc062723c751e8b465ee728b)
Start importing Assets/Lowpoly street/Models/House01/Materials/House01_low_House01_02_Normal.png using Guid(10ea24316b62bfb45b1632e7642cce90) Importer(815301076,1909f56bfc062723c751e8b465ee728b)  -> (artifact id: 'f1bfe664293d839eea6517e9568ab96f') in 0.015512 seconds 
========================================================================
Received Import Request.
  Time since last request: 0.000020 seconds.
  path: Assets/Lowpoly street/Models/House01/Materials/House01_low_House01_02_MaskMap.png
  artifactKey: Guid(2e97fcee570e6d542b32fd8f0c0400cf) Importer(815301076,1909f56bfc062723c751e8b465ee728b)
Start importing Assets/Lowpoly street/Models/House01/Materials/House01_low_House01_02_MaskMap.png using Guid(2e97fcee570e6d542b32fd8f0c0400cf) Importer(815301076,1909f56bfc062723c751e8b465ee728b)  -> (artifact id: 'b73b33d4bd07266d2e1a12ac91400e85') in 0.016565 seconds 
========================================================================
Received Import Request.
  Time since last request: 15.242853 seconds.
  path: Assets/Lowpoly street/Models/House02/Materials/House01_House_Element_BaseMap.png
  artifactKey: Guid(d82f214544c2c36409f712da0b5ffa73) Importer(815301076,1909f56bfc062723c751e8b465ee728b)
Start importing Assets/Lowpoly street/Models/House02/Materials/House01_House_Element_BaseMap.png using Guid(d82f214544c2c36409f712da0b5ffa73) Importer(815301076,1909f56bfc062723c751e8b465ee728b)  -> (artifact id: 'fa999578c1efe19254c0506929a828a5') in 0.025788 seconds 
========================================================================
Received Import Request.
  Time since last request: 0.000022 seconds.
  path: Assets/Lowpoly street/Models/House02/Materials/House01_House_Specular.png
  artifactKey: Guid(d928854de136ff244b36de699621ab41) Importer(815301076,1909f56bfc062723c751e8b465ee728b)
Start importing Assets/Lowpoly street/Models/House02/Materials/House01_House_Specular.png using Guid(d928854de136ff244b36de699621ab41) Importer(815301076,1909f56bfc062723c751e8b465ee728b)  -> (artifact id: '31f7c11636347e36e4dd7dbc985b9c18') in 0.018271 seconds 
========================================================================
Received Import Request.
  Time since last request: 0.000023 seconds.
  path: Assets/Lowpoly street/Models/House02/Materials/House01_House_Normal.png
  artifactKey: Guid(6cc65b9a2da10214682cb37de1b7ee31) Importer(815301076,1909f56bfc062723c751e8b465ee728b)
Start importing Assets/Lowpoly street/Models/House02/Materials/House01_House_Normal.png using Guid(6cc65b9a2da10214682cb37de1b7ee31) Importer(815301076,1909f56bfc062723c751e8b465ee728b)  -> (artifact id: 'e3f622487abee134dca55026ba21a360') in 0.014713 seconds 
========================================================================
Received Import Request.
  Time since last request: 10.506926 seconds.
  path: Assets/Lowpoly street/Models/House_70/Materials/House03_works.mat
  artifactKey: Guid(50958b1b05d2d9f42bbd70f7adaf1ab8) Importer(815301076,1909f56bfc062723c751e8b465ee728b)
Start importing Assets/Lowpoly street/Models/House_70/Materials/House03_works.mat using Guid(50958b1b05d2d9f42bbd70f7adaf1ab8) Importer(815301076,1909f56bfc062723c751e8b465ee728b)  -> (artifact id: '285406134f368ef58407bae2866411d7') in 0.015981 seconds 
========================================================================
Received Import Request.
  Time since last request: 0.000033 seconds.
  path: Assets/Lowpoly street/Models/House_70/Materials/House_70_Isolations_Specular.png
  artifactKey: Guid(d580d0003b48b294f97faa6fdcaaa553) Importer(815301076,1909f56bfc062723c751e8b465ee728b)
Start importing Assets/Lowpoly street/Models/House_70/Materials/House_70_Isolations_Specular.png using Guid(d580d0003b48b294f97faa6fdcaaa553) Importer(815301076,1909f56bfc062723c751e8b465ee728b)  -> (artifact id: 'bcbf1cd74b246399494ee7182609a3bb') in 0.012503 seconds 
========================================================================
Received Import Request.
  Time since last request: 0.000022 seconds.
  path: Assets/Lowpoly street/Models/House_70/Materials/House_70_House_70_MaskMap.png
  artifactKey: Guid(f16054bc33c7fd941afd118393c03e69) Importer(815301076,1909f56bfc062723c751e8b465ee728b)
Start importing Assets/Lowpoly street/Models/House_70/Materials/House_70_House_70_MaskMap.png using Guid(f16054bc33c7fd941afd118393c03e69) Importer(815301076,1909f56bfc062723c751e8b465ee728b)  -> (artifact id: '54fb3ab46749e9824e4ea5432b5b8afa') in 0.015641 seconds 
========================================================================
Received Import Request.
  Time since last request: 0.000019 seconds.
  path: Assets/Lowpoly street/Models/House_70/Materials/House_70_House_70_Normal.png
  artifactKey: Guid(b4f8615dfbc289e4fa85d4889576f0e3) Importer(815301076,1909f56bfc062723c751e8b465ee728b)
Start importing Assets/Lowpoly street/Models/House_70/Materials/House_70_House_70_Normal.png using Guid(b4f8615dfbc289e4fa85d4889576f0e3) Importer(815301076,1909f56bfc062723c751e8b465ee728b)  -> (artifact id: '33e8b4757242a0f1b38478f9cd5f4daa') in 0.015590 seconds 
========================================================================
Received Import Request.
  Time since last request: 8.042783 seconds.
  path: Assets/Lowpoly street/Models/Market/Market_Hair.fbx
  artifactKey: Guid(704a74c8f09edfb4e9fe799d8c87575a) Importer(815301076,1909f56bfc062723c751e8b465ee728b)
Start importing Assets/Lowpoly street/Models/Market/Market_Hair.fbx using Guid(704a74c8f09edfb4e9fe799d8c87575a) Importer(815301076,1909f56bfc062723c751e8b465ee728b)  -> (artifact id: 'eb931026760c142d62946a6c7197fbdf') in 0.036794 seconds 
========================================================================
Received Import Request.
  Time since last request: 0.965029 seconds.
  path: Assets/Lowpoly street/Models/Market/Materials/Enseignes_Enseigne_MaskMap.png
  artifactKey: Guid(80672fa0018d2a740ab0373ea5a6a158) Importer(815301076,1909f56bfc062723c751e8b465ee728b)
Start importing Assets/Lowpoly street/Models/Market/Materials/Enseignes_Enseigne_MaskMap.png using Guid(80672fa0018d2a740ab0373ea5a6a158) Importer(815301076,1909f56bfc062723c751e8b465ee728b)  -> (artifact id: '204859b755d3dc8102cb4f7d94fd1226') in 0.026414 seconds 
========================================================================
Received Import Request.
  Time since last request: 0.000020 seconds.
  path: Assets/Lowpoly street/Models/Market/Materials/Store_Sign.mat
  artifactKey: Guid(43c0167c8d1063e4a88e5b3f540a4a9f) Importer(815301076,1909f56bfc062723c751e8b465ee728b)
Start importing Assets/Lowpoly street/Models/Market/Materials/Store_Sign.mat using Guid(43c0167c8d1063e4a88e5b3f540a4a9f) Importer(815301076,1909f56bfc062723c751e8b465ee728b)  -> (artifact id: 'd23f677b7101432fdaf57a5482223f24') in 0.025987 seconds 
========================================================================
Received Import Request.
  Time since last request: 0.000024 seconds.
  path: Assets/Lowpoly street/Models/Market/Materials/Market_Stage.mat
  artifactKey: Guid(42d58f50fcd53174fb6aaa3dcd2e511b) Importer(815301076,1909f56bfc062723c751e8b465ee728b)
Start importing Assets/Lowpoly street/Models/Market/Materials/Market_Stage.mat using Guid(42d58f50fcd53174fb6aaa3dcd2e511b) Importer(815301076,1909f56bfc062723c751e8b465ee728b)  -> (artifact id: '316bfa41f4114c6e352ea0154a232c89') in 0.020457 seconds 
========================================================================
Received Import Request.
  Time since last request: 0.000018 seconds.
  path: Assets/Lowpoly street/Models/Market/Materials/Market_Red_Normal.png
  artifactKey: Guid(27dee9f200f2bef40b00ce8b193e6f73) Importer(815301076,1909f56bfc062723c751e8b465ee728b)
Start importing Assets/Lowpoly street/Models/Market/Materials/Market_Red_Normal.png using Guid(27dee9f200f2bef40b00ce8b193e6f73) Importer(815301076,1909f56bfc062723c751e8b465ee728b)  -> (artifact id: '1ff4d0e7f42bc6b5664a28a06c1d72cf') in 0.064859 seconds 
========================================================================
Received Import Request.
  Time since last request: 13.724698 seconds.
  path: Assets/Lowpoly street/Models/Smoke/Materials/Cloud_Whole_Cloud_AlbedoTransparency.png
  artifactKey: Guid(6a3125b4586eba048946e9d5f9efea40) Importer(815301076,1909f56bfc062723c751e8b465ee728b)
Start importing Assets/Lowpoly street/Models/Smoke/Materials/Cloud_Whole_Cloud_AlbedoTransparency.png using Guid(6a3125b4586eba048946e9d5f9efea40) Importer(815301076,1909f56bfc062723c751e8b465ee728b)  -> (artifact id: 'eced3d82e3ca2361823082a5c08d58f2') in 0.017923 seconds 
========================================================================
Received Import Request.
  Time since last request: 7.644394 seconds.
  path: Assets/Lowpoly street/Models/Solar panel/Materials/Solar panel_Solar panel_BaseMap.png
  artifactKey: Guid(f58f4c734daa4e04ba79e3014d9f8a83) Importer(815301076,1909f56bfc062723c751e8b465ee728b)
Start importing Assets/Lowpoly street/Models/Solar panel/Materials/Solar panel_Solar panel_BaseMap.png using Guid(f58f4c734daa4e04ba79e3014d9f8a83) Importer(815301076,1909f56bfc062723c751e8b465ee728b)  -> (artifact id: '05cba8abe10091b472921502bd19bf27') in 0.017034 seconds 
========================================================================
Received Import Request.
  Time since last request: 18.448784 seconds.
  path: Assets/Lowpoly street/Models/Streelamp/Materials/streetlamp_streetlamp_BaseMap.png
  artifactKey: Guid(277aabb4e6ba21d49816ae87a42d8663) Importer(815301076,1909f56bfc062723c751e8b465ee728b)
Start importing Assets/Lowpoly street/Models/Streelamp/Materials/streetlamp_streetlamp_BaseMap.png using Guid(277aabb4e6ba21d49816ae87a42d8663) Importer(815301076,1909f56bfc062723c751e8b465ee728b)  -> (artifact id: '374682842ec79f1c0858ad89700a1afe') in 0.014382 seconds 
========================================================================
Received Import Request.
  Time since last request: 0.000025 seconds.
  path: Assets/Lowpoly street/Models/Streelamp/Materials/streetlamp_streetlamp_Normal.png
  artifactKey: Guid(40d5767c6b30852428c3fdd664821163) Importer(815301076,1909f56bfc062723c751e8b465ee728b)
Start importing Assets/Lowpoly street/Models/Streelamp/Materials/streetlamp_streetlamp_Normal.png using Guid(40d5767c6b30852428c3fdd664821163) Importer(815301076,1909f56bfc062723c751e8b465ee728b)  -> (artifact id: 'c5bdde3628da421001eda6292c7e3f8e') in 0.012658 seconds 
========================================================================
Received Import Request.
  Time since last request: 5.917722 seconds.
  path: Assets/Lowpoly street/Models/Terrain/Materials/Terrain.mat
  artifactKey: Guid(a8d0e581ab5bc2b40911376072a9aedc) Importer(815301076,1909f56bfc062723c751e8b465ee728b)
Start importing Assets/Lowpoly street/Models/Terrain/Materials/Terrain.mat using Guid(a8d0e581ab5bc2b40911376072a9aedc) Importer(815301076,1909f56bfc062723c751e8b465ee728b)  -> (artifact id: '06375768969632015c1ca6999c0662a1') in 0.050599 seconds 
========================================================================
Received Import Request.
  Time since last request: 0.000036 seconds.
  path: Assets/Lowpoly street/Models/Terrain/Materials/Terrain_Road_Normal.png
  artifactKey: Guid(da8e93ab49389ec4abcc124e32d5c614) Importer(815301076,1909f56bfc062723c751e8b465ee728b)
Start importing Assets/Lowpoly street/Models/Terrain/Materials/Terrain_Road_Normal.png using Guid(da8e93ab49389ec4abcc124e32d5c614) Importer(815301076,1909f56bfc062723c751e8b465ee728b)  -> (artifact id: '9fa294a55d845e7c25a14cf41822da7b') in 0.033213 seconds 
========================================================================
Received Import Request.
  Time since last request: 0.000036 seconds.
  path: Assets/Lowpoly street/Models/Terrain/Materials/Terrain_Road_MaskMap.png
  artifactKey: Guid(1ee2b33ec53cef1479e45b79e689ca2e) Importer(815301076,1909f56bfc062723c751e8b465ee728b)
Start importing Assets/Lowpoly street/Models/Terrain/Materials/Terrain_Road_MaskMap.png using Guid(1ee2b33ec53cef1479e45b79e689ca2e) Importer(815301076,1909f56bfc062723c751e8b465ee728b)  -> (artifact id: 'fe9e7ad837ddf8c2067bd0c2efa3aa37') in 0.044058 seconds 
========================================================================
Received Import Request.
  Time since last request: 11.738853 seconds.
  path: Assets/Lowpoly street/Models/Trees/Tree02.fbx
  artifactKey: Guid(2819f97477c65b74f900a9c7a8a32721) Importer(815301076,1909f56bfc062723c751e8b465ee728b)
Start importing Assets/Lowpoly street/Models/Trees/Tree02.fbx using Guid(2819f97477c65b74f900a9c7a8a32721) Importer(815301076,1909f56bfc062723c751e8b465ee728b)  -> (artifact id: '1acaf66c20fd61a9d6ae2a5958db2d96') in 0.015078 seconds 
========================================================================
Received Import Request.
  Time since last request: 0.866864 seconds.
  path: Assets/Lowpoly street/Models/Trees/Materials/Tree02.mat
  artifactKey: Guid(a365025658b4da740b4fae903c0d9c38) Importer(815301076,1909f56bfc062723c751e8b465ee728b)
Start importing Assets/Lowpoly street/Models/Trees/Materials/Tree02.mat using Guid(a365025658b4da740b4fae903c0d9c38) Importer(815301076,1909f56bfc062723c751e8b465ee728b)  -> (artifact id: '9e072df3bdb9c8c79f8a94794e6c7ca2') in 0.008519 seconds 
========================================================================
Received Import Request.
  Time since last request: 0.000025 seconds.
  path: Assets/Lowpoly street/Models/Trees/Materials/Tree_Whole_Tree03_AlbedoTransparency.png
  artifactKey: Guid(e9c1c0428af09da40b0ff91ee098ba0f) Importer(815301076,1909f56bfc062723c751e8b465ee728b)
Start importing Assets/Lowpoly street/Models/Trees/Materials/Tree_Whole_Tree03_AlbedoTransparency.png using Guid(e9c1c0428af09da40b0ff91ee098ba0f) Importer(815301076,1909f56bfc062723c751e8b465ee728b)  -> (artifact id: 'b207f524b5b1cd10624e88f09ae0c58d') in 0.011691 seconds 
========================================================================
Received Import Request.
  Time since last request: 11.103933 seconds.
  path: Assets/Lowpoly street/Models/University/Materials/University_University_BaseMap.png
  artifactKey: Guid(f384a03e74fb1174e932a8efdb7cc661) Importer(815301076,1909f56bfc062723c751e8b465ee728b)
Start importing Assets/Lowpoly street/Models/University/Materials/University_University_BaseMap.png using Guid(f384a03e74fb1174e932a8efdb7cc661) Importer(815301076,1909f56bfc062723c751e8b465ee728b)  -> (artifact id: '1284f837480f24cd607ee817757601ff') in 0.014762 seconds 
========================================================================
Received Import Request.
  Time since last request: 0.000025 seconds.
  path: Assets/Lowpoly street/Models/University/Materials/University_University_Specular.png
  artifactKey: Guid(4ff09aee2cd79e84ab3c0b7e12c49a63) Importer(815301076,1909f56bfc062723c751e8b465ee728b)
Start importing Assets/Lowpoly street/Models/University/Materials/University_University_Specular.png using Guid(4ff09aee2cd79e84ab3c0b7e12c49a63) Importer(815301076,1909f56bfc062723c751e8b465ee728b)  -> (artifact id: 'f6b00671a1eceb61f10886f66397bb34') in 0.011073 seconds 
========================================================================
Received Import Request.
  Time since last request: 13.101978 seconds.
  path: Assets/Prefabs/FourWayRoad.prefab
  artifactKey: Guid(4e6a1fca44d124848a2a50b8d3f29fc0) Importer(815301076,1909f56bfc062723c751e8b465ee728b)
Start importing Assets/Prefabs/FourWayRoad.prefab using Guid(4e6a1fca44d124848a2a50b8d3f29fc0) Importer(815301076,1909f56bfc062723c751e8b465ee728b)  -> (artifact id: '9ad8f047ddfd44785e6b5e0020a2f8da') in 0.013484 seconds 
========================================================================
Received Import Request.
  Time since last request: 19.576763 seconds.
  path: Assets/Tree_Textures/normal_specular.png
  artifactKey: Guid(f7229dd6ea3efea42b8deb84070abc62) Importer(815301076,1909f56bfc062723c751e8b465ee728b)
Start importing Assets/Tree_Textures/normal_specular.png using Guid(f7229dd6ea3efea42b8deb84070abc62) Importer(815301076,1909f56bfc062723c751e8b465ee728b)  -> (artifact id: 'f361d61ee8605a6cadfd2d608332ec0d') in 0.016102 seconds 
========================================================================
Received Import Request.
  Time since last request: 7.146299 seconds.
  path: Assets/TREEGEN 2023 - procedural tree generator/Treegen Examples/Treegen Materials/Leaves 1.mat
  artifactKey: Guid(97d10e78fc4b74c42939e3be2c0116e8) Importer(815301076,1909f56bfc062723c751e8b465ee728b)
Start importing Assets/TREEGEN 2023 - procedural tree generator/Treegen Examples/Treegen Materials/Leaves 1.mat using Guid(97d10e78fc4b74c42939e3be2c0116e8) Importer(815301076,1909f56bfc062723c751e8b465ee728b)  -> (artifact id: '22439ee13efbe5815ed85dab8c3428db') in 0.862750 seconds 
========================================================================
Received Import Request.
  Time since last request: 0.000033 seconds.
  path: Assets/TREEGEN 2023 - procedural tree generator/Treegen Examples/Treegen Materials/Trunk 11.mat
  artifactKey: Guid(cd17898a565f23447a009e5b5336acbc) Importer(815301076,1909f56bfc062723c751e8b465ee728b)
Start importing Assets/TREEGEN 2023 - procedural tree generator/Treegen Examples/Treegen Materials/Trunk 11.mat using Guid(cd17898a565f23447a009e5b5336acbc) Importer(815301076,1909f56bfc062723c751e8b465ee728b)  -> (artifact id: '964896637e4c6eefab958464982a49fa') in 0.312405 seconds 
========================================================================
Received Import Request.
  Time since last request: 0.000037 seconds.
  path: Assets/TREEGEN 2023 - procedural tree generator/Treegen Examples/Treegen Materials/Trunk 1.mat
  artifactKey: Guid(2a065a500bb415d4cbb67bed4ec371ce) Importer(815301076,1909f56bfc062723c751e8b465ee728b)
Start importing Assets/TREEGEN 2023 - procedural tree generator/Treegen Examples/Treegen Materials/Trunk 1.mat using Guid(2a065a500bb415d4cbb67bed4ec371ce) Importer(815301076,1909f56bfc062723c751e8b465ee728b)  -> (artifact id: 'd8859d0e0c0baa7d57e2e8cdfd6a3a81') in 0.015256 seconds 
========================================================================
Received Import Request.
  Time since last request: 0.000060 seconds.
  path: Assets/TREEGEN 2023 - procedural tree generator/Treegen Examples/Treegen Materials/TREEGEN Grid.mat
  artifactKey: Guid(54f0db20adfb5a448b51a19f8951576e) Importer(815301076,1909f56bfc062723c751e8b465ee728b)
Start importing Assets/TREEGEN 2023 - procedural tree generator/Treegen Examples/Treegen Materials/TREEGEN Grid.mat using Guid(54f0db20adfb5a448b51a19f8951576e) Importer(815301076,1909f56bfc062723c751e8b465ee728b)  -> (artifact id: 'b34d0f2c31f20b97c85ad8832a136e56') in 0.014049 seconds 
========================================================================
Received Import Request.
  Time since last request: 0.000027 seconds.
  path: Assets/TREEGEN 2023 - procedural tree generator/Treegen Examples/Treegen Materials/Trunk 3.mat
  artifactKey: Guid(4476aa36d80b2494c8f0abf1c3fbfaae) Importer(815301076,1909f56bfc062723c751e8b465ee728b)
Start importing Assets/TREEGEN 2023 - procedural tree generator/Treegen Examples/Treegen Materials/Trunk 3.mat using Guid(4476aa36d80b2494c8f0abf1c3fbfaae) Importer(815301076,1909f56bfc062723c751e8b465ee728b)  -> (artifact id: '0c0b94c9775b8e1d7494fbf7d6879011') in 0.014205 seconds 
========================================================================
Received Import Request.
  Time since last request: 0.000017 seconds.
  path: Assets/TREEGEN 2023 - procedural tree generator/Treegen Examples/Treegen Materials/Leaves 6.mat
  artifactKey: Guid(6471a3950de8e014a8f037fb56f81d87) Importer(815301076,1909f56bfc062723c751e8b465ee728b)
Start importing Assets/TREEGEN 2023 - procedural tree generator/Treegen Examples/Treegen Materials/Leaves 6.mat using Guid(6471a3950de8e014a8f037fb56f81d87) Importer(815301076,1909f56bfc062723c751e8b465ee728b)  -> (artifact id: '11ca9d6afc1d5ef6a17eb33c68088a7b') in 0.014377 seconds 
========================================================================
Received Import Request.
  Time since last request: 0.000024 seconds.
  path: Assets/TREEGEN 2023 - procedural tree generator/Treegen Examples/Treegen Materials/Trunk 9.mat
  artifactKey: Guid(78c7d394cf9b6374592cc7ee3db5bf7e) Importer(815301076,1909f56bfc062723c751e8b465ee728b)
Start importing Assets/TREEGEN 2023 - procedural tree generator/Treegen Examples/Treegen Materials/Trunk 9.mat using Guid(78c7d394cf9b6374592cc7ee3db5bf7e) Importer(815301076,1909f56bfc062723c751e8b465ee728b)  -> (artifact id: 'd54b899becd543a45f0d77b965e08931') in 0.012973 seconds 
========================================================================
Received Import Request.
  Time since last request: 0.000017 seconds.
  path: Assets/TREEGEN 2023 - procedural tree generator/Treegen Examples/Treegen Materials/Leaves 7.mat
  artifactKey: Guid(669eb5b737162fa4a8d7610875473aed) Importer(815301076,1909f56bfc062723c751e8b465ee728b)
Start importing Assets/TREEGEN 2023 - procedural tree generator/Treegen Examples/Treegen Materials/Leaves 7.mat using Guid(669eb5b737162fa4a8d7610875473aed) Importer(815301076,1909f56bfc062723c751e8b465ee728b)  -> (artifact id: '01599f9b3aac3e97b0d0248aa036d736') in 0.716047 seconds 
