Using pre-set license
Built from '2021.3/staging' branch; Version is '2021.3.5f1 (40eb3a945986) revision 4254522'; Using compiler version '192829333'; Build Type 'Release'
OS: 'Windows 10  (10.0.19044) 64bit Professional' Language: 'en' Physical Memory: 32699 MB
BatchMode: 1, IsHumanControllingUs: 0, StartBugReporterOnCrash: 0, Is64bit: 1, IsPro: 1

COMMAND LINE ARGUMENTS:
P:\Unity\2021.3.5f1\Editor\Unity.exe
-adb2
-batchMode
-noUpm
-name
AssetImportWorker5
-projectPath
P:/Unity/Projects/project_a
-logFile
Logs/AssetImportWorker5.log
-srvPort
61050
Successfully changed project path to: P:/Unity/Projects/project_a
P:/Unity/Projects/project_a
[UnityMemory] Configuration Parameters - Can be set up in boot.config
    "memorysetup-bucket-allocator-granularity=16"
    "memorysetup-bucket-allocator-bucket-count=8"
    "memorysetup-bucket-allocator-block-size=33554432"
    "memorysetup-bucket-allocator-block-count=8"
    "memorysetup-main-allocator-block-size=16777216"
    "memorysetup-thread-allocator-block-size=16777216"
    "memorysetup-gfx-main-allocator-block-size=16777216"
    "memorysetup-gfx-thread-allocator-block-size=16777216"
    "memorysetup-cache-allocator-block-size=4194304"
    "memorysetup-typetree-allocator-block-size=2097152"
    "memorysetup-profiler-bucket-allocator-granularity=16"
    "memorysetup-profiler-bucket-allocator-bucket-count=8"
    "memorysetup-profiler-bucket-allocator-block-size=33554432"
    "memorysetup-profiler-bucket-allocator-block-count=8"
    "memorysetup-profiler-allocator-block-size=16777216"
    "memorysetup-profiler-editor-allocator-block-size=1048576"
    "memorysetup-temp-allocator-size-main=16777216"
    "memorysetup-job-temp-allocator-block-size=2097152"
    "memorysetup-job-temp-allocator-block-size-background=1048576"
    "memorysetup-job-temp-allocator-reduction-small-platforms=262144"
    "memorysetup-temp-allocator-size-background-worker=32768"
    "memorysetup-temp-allocator-size-job-worker=262144"
    "memorysetup-temp-allocator-size-preload-manager=33554432"
    "memorysetup-temp-allocator-size-nav-mesh-worker=65536"
    "memorysetup-temp-allocator-size-audio-worker=65536"
    "memorysetup-temp-allocator-size-cloud-worker=32768"
    "memorysetup-temp-allocator-size-gi-baking-worker=262144"
    "memorysetup-temp-allocator-size-gfx=262144"
Refreshing native plugins compatible for Editor in 87.68 ms, found 3 plugins.
Preloading 0 native plugins for Editor in 0.00 ms.
Initialize engine version: 2021.3.5f1 (40eb3a945986)
[Subsystems] Discovering subsystems at path P:/Unity/2021.3.5f1/Editor/Data/Resources/UnitySubsystems
[Subsystems] Discovering subsystems at path P:/Unity/Projects/project_a/Assets
GfxDevice: creating device client; threaded=0; jobified=0
Direct3D:
    Version:  Direct3D 11.0 [level 11.1]
    Renderer: NVIDIA GeForce GTX 1070 (ID=0x1b81)
    Vendor:   NVIDIA
    VRAM:     8081 MB
    Driver:   31.0.15.2756
Initialize mono
Mono path[0] = 'P:/Unity/2021.3.5f1/Editor/Data/Managed'
Mono path[1] = 'P:/Unity/2021.3.5f1/Editor/Data/MonoBleedingEdge/lib/mono/unityjit-win32'
Mono config path = 'P:/Unity/2021.3.5f1/Editor/Data/MonoBleedingEdge/etc'
Using monoOptions --debugger-agent=transport=dt_socket,embedding=1,server=y,suspend=n,address=127.0.0.1:56100
Begin MonoManager ReloadAssembly
Registering precompiled unity dll's ...
Register platform support module: P:/Unity/2021.3.5f1/Editor/Data/PlaybackEngines/WebGLSupport/UnityEditor.WebGL.Extensions.dll
Register platform support module: P:/Unity/2021.3.5f1/Editor/Data/PlaybackEngines/WindowsStandaloneSupport/UnityEditor.WindowsStandalone.Extensions.dll
Registered in 0.002475 seconds.
Native extension for WindowsStandalone target not found
Native extension for WebGL target not found
Refreshing native plugins compatible for Editor in 86.49 ms, found 3 plugins.
Preloading 0 native plugins for Editor in 0.00 ms.
Mono: successfully reloaded assembly
- Completed reload, in  0.525 seconds
Domain Reload Profiling:
	ReloadAssembly (525ms)
		BeginReloadAssembly (54ms)
			ExecutionOrderSort (0ms)
			DisableScriptedObjects (0ms)
			BackupInstance (0ms)
			ReleaseScriptingObjects (0ms)
			CreateAndSetChildDomain (1ms)
		EndReloadAssembly (387ms)
			LoadAssemblies (54ms)
			RebuildTransferFunctionScriptingTraits (0ms)
			SetupTypeCache (85ms)
			ReleaseScriptCaches (0ms)
			RebuildScriptCaches (23ms)
			SetupLoadedEditorAssemblies (241ms)
				LogAssemblyErrors (0ms)
				InitializePlatformSupportModulesInManaged (6ms)
				SetLoadedEditorAssemblies (0ms)
				RefreshPlugins (87ms)
				BeforeProcessingInitializeOnLoad (1ms)
				ProcessInitializeOnLoadAttributes (112ms)
				ProcessInitializeOnLoadMethodAttributes (35ms)
				AfterProcessingInitializeOnLoad (0ms)
				EditorAssembliesLoaded (0ms)
			ExecutionOrderSort2 (0ms)
			AwakeInstancesAfterBackupRestoration (0ms)
Platform modules already initialized, skipping
Registering precompiled user dll's ...
Registered in 0.003492 seconds.
Begin MonoManager ReloadAssembly
Symbol file LoadedFromMemory doesn't match image P:\Unity\Projects\project_a\Library\PackageCache\com.unity.visualscripting@1.7.8\Editor\VisualScripting.Core\Dependencies\YamlDotNet\Unity.VisualScripting.YamlDotNet.dll
Symbol file LoadedFromMemory doesn't match image P:\Unity\Projects\project_a\Library\PackageCache\com.unity.visualscripting@1.7.8\Editor\VisualScripting.Core\Dependencies\DotNetZip\Unity.VisualScripting.IonicZip.dll
Native extension for WindowsStandalone target not found
Native extension for WebGL target not found
Refreshing native plugins compatible for Editor in 0.80 ms, found 3 plugins.
Preloading 0 native plugins for Editor in 0.00 ms.
Mono: successfully reloaded assembly
- Completed reload, in  0.829 seconds
Domain Reload Profiling:
	ReloadAssembly (829ms)
		BeginReloadAssembly (88ms)
			ExecutionOrderSort (0ms)
			DisableScriptedObjects (5ms)
			BackupInstance (0ms)
			ReleaseScriptingObjects (0ms)
			CreateAndSetChildDomain (17ms)
		EndReloadAssembly (647ms)
			LoadAssemblies (67ms)
			RebuildTransferFunctionScriptingTraits (0ms)
			SetupTypeCache (211ms)
			ReleaseScriptCaches (1ms)
			RebuildScriptCaches (41ms)
			SetupLoadedEditorAssemblies (299ms)
				LogAssemblyErrors (0ms)
				InitializePlatformSupportModulesInManaged (4ms)
				SetLoadedEditorAssemblies (0ms)
				RefreshPlugins (1ms)
				BeforeProcessingInitializeOnLoad (72ms)
				ProcessInitializeOnLoadAttributes (196ms)
				ProcessInitializeOnLoadMethodAttributes (23ms)
				AfterProcessingInitializeOnLoad (2ms)
				EditorAssembliesLoaded (0ms)
			ExecutionOrderSort2 (0ms)
			AwakeInstancesAfterBackupRestoration (5ms)
Platform modules already initialized, skipping
========================================================================
Worker process is ready to serve import requests
Launched and connected shader compiler UnityShaderCompiler.exe after 0.04 seconds
Refreshing native plugins compatible for Editor in 0.77 ms, found 3 plugins.
Preloading 0 native plugins for Editor in 0.00 ms.
Unloading 3462 Unused Serialized files (Serialized files now loaded: 0)
Unloading 25 unused Assets / (59.3 KB). Loaded Objects now: 3947.
Memory consumption went from 152.9 MB to 152.8 MB.
Total: 2.831400 ms (FindLiveObjects: 0.279300 ms CreateObjectMapping: 0.080000 ms MarkObjects: 2.365400 ms  DeleteObjects: 0.105900 ms)

AssetImportParameters requested are different than current active one (requested -> active):
  custom:video-decoder-ogg-theora: a1e56fd34408186e4bbccfd4996cb3dc -> 
  custom:container-muxer-webm: aa71ff27fc2769a1b78a27578f13a17b -> 
  custom:container-demuxer-webm: 4f35f7cbe854078d1ac9338744f61a02 -> 
  custom:video-encoder-webm-vp8: eb34c28f22e8b96e1ab97ce403110664 -> 
  custom:video-codec-MediaFoundation-h265: 746d11721c4dcdbdad8f713fa42b33f4 -> 
  custom:audio-encoder-webm-vorbis: bf7c407c2cedff20999df2af8eb42d56 -> 
  custom:framework-win-MediaFoundation: 216162199b28c13a410421893ffa2e32 -> 
  custom:container-demuxer-ogg: 62fdf1f143b41e24485cea50d1cbac27 -> 
  custom:video-decoder-webm-vp8: 9c59270c3fd7afecdb556c50c9e8de78 -> 
  custom:audio-decoder-ogg-vorbis: bf7c407c2cedff20999df2af8eb42d56 -> 
========================================================================
Received Import Request.
  Time since last request: 3155.252360 seconds.
  path: Assets/traces/livingroom/x1y2_livingroom.png
  artifactKey: Guid(4062d208b87aedc4bba1028c68704f0e) Importer(815301076,1909f56bfc062723c751e8b465ee728b)
Start importing Assets/traces/livingroom/x1y2_livingroom.png using Guid(4062d208b87aedc4bba1028c68704f0e) Importer(815301076,1909f56bfc062723c751e8b465ee728b)  -> (artifact id: '6c7f85084a138d2c9a295aa9e0af47c1') in 0.175504 seconds 
========================================================================
Received Import Request.
  Time since last request: 2.163395 seconds.
  path: Assets/traces/livingroom/coatcloset/coatcloset_no_stepstool_no_feet.png
  artifactKey: Guid(dc659c638e1176544bd7d5a2d08eadd6) Importer(815301076,1909f56bfc062723c751e8b465ee728b)
Start importing Assets/traces/livingroom/coatcloset/coatcloset_no_stepstool_no_feet.png using Guid(dc659c638e1176544bd7d5a2d08eadd6) Importer(815301076,1909f56bfc062723c751e8b465ee728b)  -> (artifact id: 'a1d1a7ab8ea00e60151b18fe836390ed') in 0.019344 seconds 
========================================================================
Received Import Request.
  Time since last request: 5.383057 seconds.
  path: Assets/traces/livingroom/coatcloset/coatcloset_no_stepstool_no_feet.png
  artifactKey: Guid(dc659c638e1176544bd7d5a2d08eadd6) Importer(815301076,1909f56bfc062723c751e8b465ee728b)
Start importing Assets/traces/livingroom/coatcloset/coatcloset_no_stepstool_no_feet.png using Guid(dc659c638e1176544bd7d5a2d08eadd6) Importer(815301076,1909f56bfc062723c751e8b465ee728b)  -> (artifact id: 'c43328f7ac3c3a7e372543b80936a777') in 0.033157 seconds 
========================================================================
Received Import Request.
  Time since last request: 4.013974 seconds.
  path: Assets/traces/livingroom/record/record_player_closeup.png
  artifactKey: Guid(f4f533f558e169a41b9c4ab9552af5c0) Importer(815301076,1909f56bfc062723c751e8b465ee728b)
Start importing Assets/traces/livingroom/record/record_player_closeup.png using Guid(f4f533f558e169a41b9c4ab9552af5c0) Importer(815301076,1909f56bfc062723c751e8b465ee728b)  -> (artifact id: 'f80b5b214c5df909f34994ced765578b') in 0.018870 seconds 
========================================================================
Received Import Request.
  Time since last request: 5.976944 seconds.
  path: Assets/traces/livingroom/record/record_player_closeup.png
  artifactKey: Guid(f4f533f558e169a41b9c4ab9552af5c0) Importer(815301076,1909f56bfc062723c751e8b465ee728b)
Start importing Assets/traces/livingroom/record/record_player_closeup.png using Guid(f4f533f558e169a41b9c4ab9552af5c0) Importer(815301076,1909f56bfc062723c751e8b465ee728b)  -> (artifact id: '975bf00a58dffe5390f4175e5a260b74') in 0.022337 seconds 
========================================================================
Received Import Request.
  Time since last request: 1.661095 seconds.
  path: Assets/traces/livingroom/tv/tv_off.png
  artifactKey: Guid(cba77ac8a24a9b04699cdbac9bfc1a34) Importer(815301076,1909f56bfc062723c751e8b465ee728b)
Start importing Assets/traces/livingroom/tv/tv_off.png using Guid(cba77ac8a24a9b04699cdbac9bfc1a34) Importer(815301076,1909f56bfc062723c751e8b465ee728b)  -> (artifact id: 'f78fb709346205ebc7dc4192fb8b75f1') in 0.011871 seconds 
========================================================================
Received Import Request.
  Time since last request: 0.000030 seconds.
  path: Assets/traces/livingroom/tv/tv_static_animation_spritesheet.png
  artifactKey: Guid(4ff5096c3a34b9347b68ee305ad8d556) Importer(815301076,1909f56bfc062723c751e8b465ee728b)
Start importing Assets/traces/livingroom/tv/tv_static_animation_spritesheet.png using Guid(4ff5096c3a34b9347b68ee305ad8d556) Importer(815301076,1909f56bfc062723c751e8b465ee728b)  -> (artifact id: '12363bd97c9179f2cb786b5a4ab70e1a') in 0.013659 seconds 
========================================================================
Received Import Request.
  Time since last request: 5.888148 seconds.
  path: Assets/traces/livingroom/tv/tv_off.png
  artifactKey: Guid(cba77ac8a24a9b04699cdbac9bfc1a34) Importer(815301076,1909f56bfc062723c751e8b465ee728b)
Start importing Assets/traces/livingroom/tv/tv_off.png using Guid(cba77ac8a24a9b04699cdbac9bfc1a34) Importer(815301076,1909f56bfc062723c751e8b465ee728b)  -> (artifact id: '8ec1efb1cc946f24cd853fccf03b1c3d') in 0.020880 seconds 
========================================================================
Received Import Request.
  Time since last request: 4.576284 seconds.
  path: Assets/traces/kitchen/x1y2_kitchen.png
  artifactKey: Guid(e3c78698d3e39e14e9d118c126c24742) Importer(815301076,1909f56bfc062723c751e8b465ee728b)
Start importing Assets/traces/kitchen/x1y2_kitchen.png using Guid(e3c78698d3e39e14e9d118c126c24742) Importer(815301076,1909f56bfc062723c751e8b465ee728b)  -> (artifact id: '555c6fa61c6408e632b0b8034e5ac9dd') in 0.030523 seconds 
========================================================================
Received Import Request.
  Time since last request: 1.787365 seconds.
  path: Assets/traces/hallway/fusebox.png
  artifactKey: Guid(d5e31fefc02ebd64096c9c34651fe8d2) Importer(815301076,1909f56bfc062723c751e8b465ee728b)
Start importing Assets/traces/hallway/fusebox.png using Guid(d5e31fefc02ebd64096c9c34651fe8d2) Importer(815301076,1909f56bfc062723c751e8b465ee728b)  -> (artifact id: '259611a0c33d16168b7eb51e700e667e') in 0.018512 seconds 
========================================================================
Received Import Request.
  Time since last request: 0.000025 seconds.
  path: Assets/traces/hallway/x1y1_e_hall.png
  artifactKey: Guid(5db5b8b71d5644c419a306a5afdbc08d) Importer(815301076,1909f56bfc062723c751e8b465ee728b)
Start importing Assets/traces/hallway/x1y1_e_hall.png using Guid(5db5b8b71d5644c419a306a5afdbc08d) Importer(815301076,1909f56bfc062723c751e8b465ee728b)  -> (artifact id: 'd3277ebcd19535b754a70e29cb4a795f') in 0.019467 seconds 
========================================================================
Received Import Request.
  Time since last request: 0.000022 seconds.
  path: Assets/traces/hallway/x1y2_n_hall.png
  artifactKey: Guid(b78c1b08964c17d439e7bf6d70bdce02) Importer(815301076,1909f56bfc062723c751e8b465ee728b)
Start importing Assets/traces/hallway/x1y2_n_hall.png using Guid(b78c1b08964c17d439e7bf6d70bdce02) Importer(815301076,1909f56bfc062723c751e8b465ee728b)  -> (artifact id: 'da1dbb1f2eba053e0f3e1bdec3967a0b') in 0.022471 seconds 
========================================================================
Received Import Request.
  Time since last request: 0.000021 seconds.
  path: Assets/traces/hallway/x1y1_w_hall.png
  artifactKey: Guid(4a0ad90fcc8b74f49bc638f13b180868) Importer(815301076,1909f56bfc062723c751e8b465ee728b)
Start importing Assets/traces/hallway/x1y1_w_hall.png using Guid(4a0ad90fcc8b74f49bc638f13b180868) Importer(815301076,1909f56bfc062723c751e8b465ee728b)  -> (artifact id: '6edd562c3243f50371a97f38b573bbf2') in 0.019740 seconds 
========================================================================
Received Import Request.
  Time since last request: 30.739559 seconds.
  path: Assets/traces/hallway/phone_stopper.png
  artifactKey: Guid(24aecf3dcff40984bb11745bb6b81ffe) Importer(815301076,1909f56bfc062723c751e8b465ee728b)
Start importing Assets/traces/hallway/phone_stopper.png using Guid(24aecf3dcff40984bb11745bb6b81ffe) Importer(815301076,1909f56bfc062723c751e8b465ee728b)  -> (artifact id: '79f9dc577716ffddab4276bec7498683') in 0.040532 seconds 
========================================================================
Received Import Request.
  Time since last request: 0.000035 seconds.
  path: Assets/traces/hallway/x1y2_n_hall.png
  artifactKey: Guid(b78c1b08964c17d439e7bf6d70bdce02) Importer(815301076,1909f56bfc062723c751e8b465ee728b)
Start importing Assets/traces/hallway/x1y2_n_hall.png using Guid(b78c1b08964c17d439e7bf6d70bdce02) Importer(815301076,1909f56bfc062723c751e8b465ee728b)  -> (artifact id: '74ef1fab4aee2453db0986bf5849f3a3') in 0.040949 seconds 
========================================================================
Received Import Request.
  Time since last request: 0.000033 seconds.
  path: Assets/traces/hallway/x1y2_s_hall.png
  artifactKey: Guid(b9e6f833d3b0a374388cf4497a419bf2) Importer(815301076,1909f56bfc062723c751e8b465ee728b)
Start importing Assets/traces/hallway/x1y2_s_hall.png using Guid(b9e6f833d3b0a374388cf4497a419bf2) Importer(815301076,1909f56bfc062723c751e8b465ee728b)  -> (artifact id: 'fc6ad5ba98b612bfa2ec53026454f111') in 0.030700 seconds 
========================================================================
Received Import Request.
  Time since last request: 0.000019 seconds.
  path: Assets/traces/hallway/x1y2_hall.png
  artifactKey: Guid(3518c5cb823562c4698bae9d9c9a433e) Importer(815301076,1909f56bfc062723c751e8b465ee728b)
Start importing Assets/traces/hallway/x1y2_hall.png using Guid(3518c5cb823562c4698bae9d9c9a433e) Importer(815301076,1909f56bfc062723c751e8b465ee728b)  -> (artifact id: '5354ebee37c61435c6243ebb068e21ed') in 0.071237 seconds 
========================================================================
Received Import Request.
  Time since last request: 2.369543 seconds.
  path: Assets/traces/bedroom/dresser.png
  artifactKey: Guid(9984fe4a25fed8a48be2276df815923f) Importer(815301076,1909f56bfc062723c751e8b465ee728b)
Start importing Assets/traces/bedroom/dresser.png using Guid(9984fe4a25fed8a48be2276df815923f) Importer(815301076,1909f56bfc062723c751e8b465ee728b)  -> (artifact id: '071e20abc1db9c2c2b5710bd57cc353d') in 0.017821 seconds 
========================================================================
Received Import Request.
  Time since last request: 0.000024 seconds.
  path: Assets/traces/bedroom/x1y1_e_bedroom.png
  artifactKey: Guid(f4fe28e84e945ef4aa1f5703e9b58787) Importer(815301076,1909f56bfc062723c751e8b465ee728b)
Start importing Assets/traces/bedroom/x1y1_e_bedroom.png using Guid(f4fe28e84e945ef4aa1f5703e9b58787) Importer(815301076,1909f56bfc062723c751e8b465ee728b)  -> (artifact id: '3f4ea436a40702b8d0c4f0e50d87271e') in 0.017333 seconds 
========================================================================
Received Import Request.
  Time since last request: 0.000032 seconds.
  path: Assets/traces/bedroom/hallway_door_close_bedroom.png
  artifactKey: Guid(4dd1419abe85b93439cdcc376c7d197a) Importer(815301076,1909f56bfc062723c751e8b465ee728b)
Start importing Assets/traces/bedroom/hallway_door_close_bedroom.png using Guid(4dd1419abe85b93439cdcc376c7d197a) Importer(815301076,1909f56bfc062723c751e8b465ee728b)  -> (artifact id: '66c6e9c0f0de26c3ce085380b2295952') in 0.018428 seconds 
========================================================================
Received Import Request.
  Time since last request: 0.000037 seconds.
  path: Assets/traces/bedroom/x1y2_w_bedroom.png
  artifactKey: Guid(d1ee30b9a5201da4fa78ef78f41b82d4) Importer(815301076,1909f56bfc062723c751e8b465ee728b)
Start importing Assets/traces/bedroom/x1y2_w_bedroom.png using Guid(d1ee30b9a5201da4fa78ef78f41b82d4) Importer(815301076,1909f56bfc062723c751e8b465ee728b)  -> (artifact id: 'c3a55ee5a228d74f55900b1fe1c3df3c') in 0.019368 seconds 
========================================================================
Received Import Request.
  Time since last request: 0.000022 seconds.
  path: Assets/traces/bedroom/skewedBedroom.png
  artifactKey: Guid(cb46f82f28acb3b4185068827adab88f) Importer(815301076,1909f56bfc062723c751e8b465ee728b)
Start importing Assets/traces/bedroom/skewedBedroom.png using Guid(cb46f82f28acb3b4185068827adab88f) Importer(815301076,1909f56bfc062723c751e8b465ee728b)  -> (artifact id: '2c1e0b36d980c308099a618ab06b65b1') in 0.018639 seconds 
========================================================================
Received Import Request.
  Time since last request: 0.000023 seconds.
  path: Assets/traces/bedroom/x1y1_w_bedroom.png
  artifactKey: Guid(ae18ee89417fc7649a8cde76f351698f) Importer(815301076,1909f56bfc062723c751e8b465ee728b)
Start importing Assets/traces/bedroom/x1y1_w_bedroom.png using Guid(ae18ee89417fc7649a8cde76f351698f) Importer(815301076,1909f56bfc062723c751e8b465ee728b)  -> (artifact id: '35885f16ea91f7e96d7f603c68c8df24') in 0.017188 seconds 
========================================================================
Received Import Request.
  Time since last request: 0.000024 seconds.
  path: Assets/traces/bedroom/x2y2_n_bedroom.png
  artifactKey: Guid(fdf5d905dbdadaf48a2bb21ef45de06e) Importer(815301076,1909f56bfc062723c751e8b465ee728b)
Start importing Assets/traces/bedroom/x2y2_n_bedroom.png using Guid(fdf5d905dbdadaf48a2bb21ef45de06e) Importer(815301076,1909f56bfc062723c751e8b465ee728b)  -> (artifact id: '9d606a086f1c3a9dbae8784e66036eef') in 0.018137 seconds 
========================================================================
Received Import Request.
  Time since last request: 0.000032 seconds.
  path: Assets/traces/bedroom/x1y1_bedroom.png
  artifactKey: Guid(f0c798793e11c2e418492f376cbaede0) Importer(815301076,1909f56bfc062723c751e8b465ee728b)
Start importing Assets/traces/bedroom/x1y1_bedroom.png using Guid(f0c798793e11c2e418492f376cbaede0) Importer(815301076,1909f56bfc062723c751e8b465ee728b)  -> (artifact id: 'a52d54dfc82d5402237d699103dcb6d3') in 0.017749 seconds 
========================================================================
Received Import Request.
  Time since last request: 0.000032 seconds.
  path: Assets/traces/bedroom/nightstand.png
  artifactKey: Guid(36a102de94f21f746931d70ef1fc7c38) Importer(815301076,1909f56bfc062723c751e8b465ee728b)
Start importing Assets/traces/bedroom/nightstand.png using Guid(36a102de94f21f746931d70ef1fc7c38) Importer(815301076,1909f56bfc062723c751e8b465ee728b)  -> (artifact id: '987756f6a96bc2d7222887db0778465a') in 0.018257 seconds 
========================================================================
Received Import Request.
  Time since last request: 0.000021 seconds.
  path: Assets/traces/bedroom/x2y1_w_bedroom.png
  artifactKey: Guid(ff6b6bc12617e1545a80b69fea7757c7) Importer(815301076,1909f56bfc062723c751e8b465ee728b)
Start importing Assets/traces/bedroom/x2y1_w_bedroom.png using Guid(ff6b6bc12617e1545a80b69fea7757c7) Importer(815301076,1909f56bfc062723c751e8b465ee728b)  -> (artifact id: '47443c18ca86de950d1fc43cfc8f751e') in 0.017361 seconds 
========================================================================
Received Import Request.
  Time since last request: 10.227214 seconds.
  path: Assets/traces/bedroom/flashlight.png
  artifactKey: Guid(935196cd642fe3d41aa0387830943667) Importer(815301076,1909f56bfc062723c751e8b465ee728b)
Start importing Assets/traces/bedroom/flashlight.png using Guid(935196cd642fe3d41aa0387830943667) Importer(815301076,1909f56bfc062723c751e8b465ee728b)  -> (artifact id: '92819625a73ffe77e35f2dfd578c4a3e') in 0.023759 seconds 
========================================================================
Received Import Request.
  Time since last request: 0.000023 seconds.
  path: Assets/traces/bedroom/musicbox_turn_sheet.png
  artifactKey: Guid(ed17406ea0e8c9449898e43244c5ace3) Importer(815301076,1909f56bfc062723c751e8b465ee728b)
Start importing Assets/traces/bedroom/musicbox_turn_sheet.png using Guid(ed17406ea0e8c9449898e43244c5ace3) Importer(815301076,1909f56bfc062723c751e8b465ee728b)  -> (artifact id: '91cd0ea68e7b8025c63c3b27808ab47f') in 0.028100 seconds 
========================================================================
Received Import Request.
  Time since last request: 0.000035 seconds.
  path: Assets/traces/bedroom/opening_animation_sheet_bedroom.png
  artifactKey: Guid(a438b2079a90adb4cb099d3446ed3edf) Importer(815301076,1909f56bfc062723c751e8b465ee728b)
Start importing Assets/traces/bedroom/opening_animation_sheet_bedroom.png using Guid(a438b2079a90adb4cb099d3446ed3edf) Importer(815301076,1909f56bfc062723c751e8b465ee728b)  -> (artifact id: '48f5794d779f06174a8c96f689b6f4df') in 0.091174 seconds 
========================================================================
Received Import Request.
  Time since last request: 8.067867 seconds.
  path: Assets/traces/bedroom/window_open_bedroom.png
  artifactKey: Guid(392a6942b8ec11448a260ec4bbbc8c61) Importer(815301076,1909f56bfc062723c751e8b465ee728b)
Start importing Assets/traces/bedroom/window_open_bedroom.png using Guid(392a6942b8ec11448a260ec4bbbc8c61) Importer(815301076,1909f56bfc062723c751e8b465ee728b)  -> (artifact id: '6976443519ba36ed79348d93cf378dd6') in 0.017089 seconds 
========================================================================
Received Import Request.
  Time since last request: 0.000015 seconds.
  path: Assets/traces/bedroom/x2y1_s_bedroom.png
  artifactKey: Guid(28921a4f5b5ae914e926e20d5c1fac72) Importer(815301076,1909f56bfc062723c751e8b465ee728b)
Start importing Assets/traces/bedroom/x2y1_s_bedroom.png using Guid(28921a4f5b5ae914e926e20d5c1fac72) Importer(815301076,1909f56bfc062723c751e8b465ee728b)  -> (artifact id: '0881be43e8d90516d420b6b98474b950') in 0.017497 seconds 
========================================================================
Received Import Request.
  Time since last request: 0.000021 seconds.
  path: Assets/traces/bedroom/x1y1_s_bedroom.png
  artifactKey: Guid(6282f3eb2cf22db42b3f4e37a1b46f0b) Importer(815301076,1909f56bfc062723c751e8b465ee728b)
Start importing Assets/traces/bedroom/x1y1_s_bedroom.png using Guid(6282f3eb2cf22db42b3f4e37a1b46f0b) Importer(815301076,1909f56bfc062723c751e8b465ee728b)  -> (artifact id: '5274cba1b90996b101b49a32aef55b04') in 0.018826 seconds 
========================================================================
Received Import Request.
  Time since last request: 0.000024 seconds.
  path: Assets/traces/bedroom/x2y2_w_bedroom.png
  artifactKey: Guid(e073fde257f5a8a4f89e118721cbe253) Importer(815301076,1909f56bfc062723c751e8b465ee728b)
Start importing Assets/traces/bedroom/x2y2_w_bedroom.png using Guid(e073fde257f5a8a4f89e118721cbe253) Importer(815301076,1909f56bfc062723c751e8b465ee728b)  -> (artifact id: '82deeeb49a2cea6f3717d9237ace4ca0') in 0.020080 seconds 
========================================================================
Received Import Request.
  Time since last request: 0.000038 seconds.
  path: Assets/traces/bedroom/x1y2_n_bedroom.png
  artifactKey: Guid(76e73ad07d2c5fc479037bf4fb3c068e) Importer(815301076,1909f56bfc062723c751e8b465ee728b)
Start importing Assets/traces/bedroom/x1y2_n_bedroom.png using Guid(76e73ad07d2c5fc479037bf4fb3c068e) Importer(815301076,1909f56bfc062723c751e8b465ee728b)  -> (artifact id: 'ee612f14e8f1a23f21b7caf71c445ac1') in 0.018745 seconds 
========================================================================
Received Import Request.
  Time since last request: 0.000028 seconds.
  path: Assets/traces/bedroom/x1y2_bedroom.png
  artifactKey: Guid(ad9988f97eab0134c8c11fe0cd11ec09) Importer(815301076,1909f56bfc062723c751e8b465ee728b)
Start importing Assets/traces/bedroom/x1y2_bedroom.png using Guid(ad9988f97eab0134c8c11fe0cd11ec09) Importer(815301076,1909f56bfc062723c751e8b465ee728b)  -> (artifact id: '634747dbc09fc1f9e5df8b97beed7b9f') in 0.031549 seconds 
Editor requested this worker to shutdown with reason: Scaling down because of idle timeout
AssetImportWorker is now disconnected from the server
Process exiting
Exiting without the bug reporter. Application will terminate with return code 0