Using pre-set license
Built from '2021.3/staging' branch; Version is '2021.3.5f1 (40eb3a945986) revision 4254522'; Using compiler version '192829333'; Build Type 'Release'
OS: 'Windows 10  (10.0.19044) 64bit Professional' Language: 'en' Physical Memory: 32699 MB
BatchMode: 1, IsHumanControllingUs: 0, StartBugReporterOnCrash: 0, Is64bit: 1, IsPro: 1

COMMAND LINE ARGUMENTS:
P:\Unity\2021.3.5f1\Editor\Unity.exe
-adb2
-batchMode
-noUpm
-name
AssetImportWorker4
-projectPath
P:/Unity/Projects/project_a
-logFile
Logs/AssetImportWorker4.log
-srvPort
54589
Successfully changed project path to: P:/Unity/Projects/project_a
P:/Unity/Projects/project_a
[UnityMemory] Configuration Parameters - Can be set up in boot.config
    "memorysetup-bucket-allocator-granularity=16"
    "memorysetup-bucket-allocator-bucket-count=8"
    "memorysetup-bucket-allocator-block-size=33554432"
    "memorysetup-bucket-allocator-block-count=8"
    "memorysetup-main-allocator-block-size=16777216"
    "memorysetup-thread-allocator-block-size=16777216"
    "memorysetup-gfx-main-allocator-block-size=16777216"
    "memorysetup-gfx-thread-allocator-block-size=16777216"
    "memorysetup-cache-allocator-block-size=4194304"
    "memorysetup-typetree-allocator-block-size=2097152"
    "memorysetup-profiler-bucket-allocator-granularity=16"
    "memorysetup-profiler-bucket-allocator-bucket-count=8"
    "memorysetup-profiler-bucket-allocator-block-size=33554432"
    "memorysetup-profiler-bucket-allocator-block-count=8"
    "memorysetup-profiler-allocator-block-size=16777216"
    "memorysetup-profiler-editor-allocator-block-size=1048576"
    "memorysetup-temp-allocator-size-main=16777216"
    "memorysetup-job-temp-allocator-block-size=2097152"
    "memorysetup-job-temp-allocator-block-size-background=1048576"
    "memorysetup-job-temp-allocator-reduction-small-platforms=262144"
    "memorysetup-temp-allocator-size-background-worker=32768"
    "memorysetup-temp-allocator-size-job-worker=262144"
    "memorysetup-temp-allocator-size-preload-manager=33554432"
    "memorysetup-temp-allocator-size-nav-mesh-worker=65536"
    "memorysetup-temp-allocator-size-audio-worker=65536"
    "memorysetup-temp-allocator-size-cloud-worker=32768"
    "memorysetup-temp-allocator-size-gi-baking-worker=262144"
    "memorysetup-temp-allocator-size-gfx=262144"
Refreshing native plugins compatible for Editor in 216.28 ms, found 3 plugins.
Preloading 0 native plugins for Editor in 0.00 ms.
Initialize engine version: 2021.3.5f1 (40eb3a945986)
[Subsystems] Discovering subsystems at path P:/Unity/2021.3.5f1/Editor/Data/Resources/UnitySubsystems
[Subsystems] Discovering subsystems at path P:/Unity/Projects/project_a/Assets
GfxDevice: creating device client; threaded=0; jobified=0
Direct3D:
    Version:  Direct3D 11.0 [level 11.1]
    Renderer: NVIDIA GeForce GTX 1070 (ID=0x1b81)
    Vendor:   NVIDIA
    VRAM:     8081 MB
    Driver:   31.0.15.2756
Initialize mono
Mono path[0] = 'P:/Unity/2021.3.5f1/Editor/Data/Managed'
Mono path[1] = 'P:/Unity/2021.3.5f1/Editor/Data/MonoBleedingEdge/lib/mono/unityjit-win32'
Mono config path = 'P:/Unity/2021.3.5f1/Editor/Data/MonoBleedingEdge/etc'
Using monoOptions --debugger-agent=transport=dt_socket,embedding=1,server=y,suspend=n,address=127.0.0.1:56264
Begin MonoManager ReloadAssembly
Registering precompiled unity dll's ...
Register platform support module: P:/Unity/2021.3.5f1/Editor/Data/PlaybackEngines/WebGLSupport/UnityEditor.WebGL.Extensions.dll
Register platform support module: P:/Unity/2021.3.5f1/Editor/Data/PlaybackEngines/WindowsStandaloneSupport/UnityEditor.WindowsStandalone.Extensions.dll
Registered in 0.214541 seconds.
Native extension for WindowsStandalone target not found
Native extension for WebGL target not found
Refreshing native plugins compatible for Editor in 84.19 ms, found 3 plugins.
Preloading 0 native plugins for Editor in 0.00 ms.
Mono: successfully reloaded assembly
- Completed reload, in  5.239 seconds
Domain Reload Profiling:
	ReloadAssembly (5240ms)
		BeginReloadAssembly (3832ms)
			ExecutionOrderSort (0ms)
			DisableScriptedObjects (0ms)
			BackupInstance (0ms)
			ReleaseScriptingObjects (0ms)
			CreateAndSetChildDomain (1ms)
		EndReloadAssembly (855ms)
			LoadAssemblies (3834ms)
			RebuildTransferFunctionScriptingTraits (0ms)
			SetupTypeCache (495ms)
			ReleaseScriptCaches (0ms)
			RebuildScriptCaches (25ms)
			SetupLoadedEditorAssemblies (287ms)
				LogAssemblyErrors (0ms)
				InitializePlatformSupportModulesInManaged (7ms)
				SetLoadedEditorAssemblies (0ms)
				RefreshPlugins (84ms)
				BeforeProcessingInitializeOnLoad (1ms)
				ProcessInitializeOnLoadAttributes (139ms)
				ProcessInitializeOnLoadMethodAttributes (55ms)
				AfterProcessingInitializeOnLoad (0ms)
				EditorAssembliesLoaded (0ms)
			ExecutionOrderSort2 (0ms)
			AwakeInstancesAfterBackupRestoration (0ms)
Platform modules already initialized, skipping
Registering precompiled user dll's ...
Registered in 1.160317 seconds.
Begin MonoManager ReloadAssembly
Symbol file LoadedFromMemory doesn't match image P:\Unity\Projects\project_a\Library\PackageCache\com.unity.visualscripting@1.7.8\Editor\VisualScripting.Core\Dependencies\YamlDotNet\Unity.VisualScripting.YamlDotNet.dll
Symbol file LoadedFromMemory doesn't match image P:\Unity\Projects\project_a\Library\PackageCache\com.unity.visualscripting@1.7.8\Editor\VisualScripting.Core\Dependencies\DotNetZip\Unity.VisualScripting.IonicZip.dll
Native extension for WindowsStandalone target not found
Native extension for WebGL target not found
Refreshing native plugins compatible for Editor in 1.05 ms, found 3 plugins.
Preloading 0 native plugins for Editor in 0.00 ms.
Mono: successfully reloaded assembly
- Completed reload, in  5.727 seconds
Domain Reload Profiling:
	ReloadAssembly (5728ms)
		BeginReloadAssembly (113ms)
			ExecutionOrderSort (0ms)
			DisableScriptedObjects (6ms)
			BackupInstance (0ms)
			ReleaseScriptingObjects (0ms)
			CreateAndSetChildDomain (21ms)
		EndReloadAssembly (5448ms)
			LoadAssemblies (3226ms)
			RebuildTransferFunctionScriptingTraits (0ms)
			SetupTypeCache (808ms)
			ReleaseScriptCaches (1ms)
			RebuildScriptCaches (59ms)
			SetupLoadedEditorAssemblies (1316ms)
				LogAssemblyErrors (0ms)
				InitializePlatformSupportModulesInManaged (5ms)
				SetLoadedEditorAssemblies (1ms)
				RefreshPlugins (1ms)
				BeforeProcessingInitializeOnLoad (82ms)
				ProcessInitializeOnLoadAttributes (337ms)
				ProcessInitializeOnLoadMethodAttributes (887ms)
				AfterProcessingInitializeOnLoad (3ms)
				EditorAssembliesLoaded (0ms)
			ExecutionOrderSort2 (0ms)
			AwakeInstancesAfterBackupRestoration (7ms)
Platform modules already initialized, skipping
========================================================================
Worker process is ready to serve import requests
Launched and connected shader compiler UnityShaderCompiler.exe after 0.10 seconds
Refreshing native plugins compatible for Editor in 0.98 ms, found 3 plugins.
Preloading 0 native plugins for Editor in 0.00 ms.
Unloading 3454 Unused Serialized files (Serialized files now loaded: 0)
Unloading 25 unused Assets / (57.4 KB). Loaded Objects now: 3939.
Memory consumption went from 152.7 MB to 152.6 MB.
Total: 3.423300 ms (FindLiveObjects: 0.429000 ms CreateObjectMapping: 0.094400 ms MarkObjects: 2.773900 ms  DeleteObjects: 0.123600 ms)

AssetImportParameters requested are different than current active one (requested -> active):
  custom:video-decoder-ogg-theora: a1e56fd34408186e4bbccfd4996cb3dc -> 
  custom:container-muxer-webm: aa71ff27fc2769a1b78a27578f13a17b -> 
  custom:container-demuxer-webm: 4f35f7cbe854078d1ac9338744f61a02 -> 
  custom:video-encoder-webm-vp8: eb34c28f22e8b96e1ab97ce403110664 -> 
  custom:video-codec-MediaFoundation-h265: 746d11721c4dcdbdad8f713fa42b33f4 -> 
  custom:audio-encoder-webm-vorbis: bf7c407c2cedff20999df2af8eb42d56 -> 
  custom:framework-win-MediaFoundation: 216162199b28c13a410421893ffa2e32 -> 
  custom:container-demuxer-ogg: 62fdf1f143b41e24485cea50d1cbac27 -> 
  custom:video-decoder-webm-vp8: 9c59270c3fd7afecdb556c50c9e8de78 -> 
  custom:audio-decoder-ogg-vorbis: bf7c407c2cedff20999df2af8eb42d56 -> 
========================================================================
Received Import Request.
  Time since last request: 424699.059692 seconds.
  path: Assets/Lowpoly street/Models/House01/Materials/alt House01_02.mat
  artifactKey: Guid(0600eaec3ebc24d47ba0f54477974c41) Importer(815301076,1909f56bfc062723c751e8b465ee728b)
Start importing Assets/Lowpoly street/Models/House01/Materials/alt House01_02.mat using Guid(0600eaec3ebc24d47ba0f54477974c41) Importer(815301076,1909f56bfc062723c751e8b465ee728b)  -> (artifact id: '0a08dc1bc3a9099272d4d51c4b7de2c2') in 0.194265 seconds 
========================================================================
Received Import Request.
  Time since last request: 431.213151 seconds.
  path: Assets/traces/bedroom/bedroom_closet.png
  artifactKey: Guid(b045dfb9bba97044b90d1cf541ff3080) Importer(815301076,1909f56bfc062723c751e8b465ee728b)
Start importing Assets/traces/bedroom/bedroom_closet.png using Guid(b045dfb9bba97044b90d1cf541ff3080) Importer(815301076,1909f56bfc062723c751e8b465ee728b)  -> (artifact id: 'e64e55dd7d7887a18863c34bfe384371') in 0.095939 seconds 
========================================================================
Received Prepare
Registering precompiled user dll's ...
Registered in 0.004124 seconds.
Begin MonoManager ReloadAssembly
Symbol file LoadedFromMemory doesn't match image P:\Unity\Projects\project_a\Library\PackageCache\com.unity.visualscripting@1.7.8\Editor\VisualScripting.Core\Dependencies\YamlDotNet\Unity.VisualScripting.YamlDotNet.dll
Symbol file LoadedFromMemory doesn't match image P:\Unity\Projects\project_a\Library\PackageCache\com.unity.visualscripting@1.7.8\Editor\VisualScripting.Core\Dependencies\DotNetZip\Unity.VisualScripting.IonicZip.dll
Native extension for WindowsStandalone target not found
Native extension for WebGL target not found
Refreshing native plugins compatible for Editor in 1.08 ms, found 3 plugins.
Preloading 0 native plugins for Editor in 0.00 ms.
Mono: successfully reloaded assembly
- Completed reload, in  0.917 seconds
Domain Reload Profiling:
	ReloadAssembly (917ms)
		BeginReloadAssembly (128ms)
			ExecutionOrderSort (0ms)
			DisableScriptedObjects (4ms)
			BackupInstance (0ms)
			ReleaseScriptingObjects (0ms)
			CreateAndSetChildDomain (38ms)
		EndReloadAssembly (700ms)
			LoadAssemblies (78ms)
			RebuildTransferFunctionScriptingTraits (0ms)
			SetupTypeCache (252ms)
			ReleaseScriptCaches (1ms)
			RebuildScriptCaches (41ms)
			SetupLoadedEditorAssemblies (298ms)
				LogAssemblyErrors (0ms)
				InitializePlatformSupportModulesInManaged (11ms)
				SetLoadedEditorAssemblies (1ms)
				RefreshPlugins (1ms)
				BeforeProcessingInitializeOnLoad (56ms)
				ProcessInitializeOnLoadAttributes (199ms)
				ProcessInitializeOnLoadMethodAttributes (26ms)
				AfterProcessingInitializeOnLoad (3ms)
				EditorAssembliesLoaded (0ms)
			ExecutionOrderSort2 (0ms)
			AwakeInstancesAfterBackupRestoration (6ms)
Platform modules already initialized, skipping
Refreshing native plugins compatible for Editor in 2.18 ms, found 3 plugins.
Preloading 0 native plugins for Editor in 0.00 ms.
Unloading 3427 Unused Serialized files (Serialized files now loaded: 0)
Unloading 18 unused Assets / (24.7 KB). Loaded Objects now: 3985.
Memory consumption went from 155.1 MB to 155.1 MB.
Total: 2.923400 ms (FindLiveObjects: 0.304900 ms CreateObjectMapping: 0.075800 ms MarkObjects: 2.519700 ms  DeleteObjects: 0.021900 ms)

AssetImportParameters requested are different than current active one (requested -> active):
  custom:video-decoder-ogg-theora: a1e56fd34408186e4bbccfd4996cb3dc -> 
  custom:container-muxer-webm: aa71ff27fc2769a1b78a27578f13a17b -> 
  custom:container-demuxer-webm: 4f35f7cbe854078d1ac9338744f61a02 -> 
  custom:video-encoder-webm-vp8: eb34c28f22e8b96e1ab97ce403110664 -> 
  custom:video-codec-MediaFoundation-h265: 746d11721c4dcdbdad8f713fa42b33f4 -> 
  custom:audio-encoder-webm-vorbis: bf7c407c2cedff20999df2af8eb42d56 -> 
  custom:framework-win-MediaFoundation: 216162199b28c13a410421893ffa2e32 -> 
  custom:container-demuxer-ogg: 62fdf1f143b41e24485cea50d1cbac27 -> 
  custom:video-decoder-webm-vp8: 9c59270c3fd7afecdb556c50c9e8de78 -> 
  custom:audio-decoder-ogg-vorbis: bf7c407c2cedff20999df2af8eb42d56 -> 
========================================================================
Received Import Request.
  Time since last request: 336.136937 seconds.
  path: Assets/Clock/Textures/clock.bmp
  artifactKey: Guid(9324a9f47295c804aa1925009cfb042f) Importer(815301076,1909f56bfc062723c751e8b465ee728b)
Start importing Assets/Clock/Textures/clock.bmp using Guid(9324a9f47295c804aa1925009cfb042f) Importer(815301076,1909f56bfc062723c751e8b465ee728b)  -> (artifact id: '450e4827a56480ca53b1b17e4943fa20') in 0.055657 seconds 
========================================================================
Received Import Request.
  Time since last request: 8.265090 seconds.
  path: Assets/Clock/3dobjects
  artifactKey: Guid(4c3d13a31775aaa4082bceda011da650) Importer(815301076,1909f56bfc062723c751e8b465ee728b)
Start importing Assets/Clock/3dobjects using Guid(4c3d13a31775aaa4082bceda011da650) Importer(815301076,1909f56bfc062723c751e8b465ee728b)  -> (artifact id: '5a55187019d4d06382eab51abb73da3d') in 0.006542 seconds 
========================================================================
Received Import Request.
  Time since last request: 0.053551 seconds.
  path: Assets/Clock/3dobjects/wanduhr.fbx
  artifactKey: Guid(3da57b887e4888947839b3313e880f28) Importer(815301076,1909f56bfc062723c751e8b465ee728b)
Start importing Assets/Clock/3dobjects/wanduhr.fbx using Guid(3da57b887e4888947839b3313e880f28) Importer(815301076,1909f56bfc062723c751e8b465ee728b)  -> (artifact id: '6fd262e749eafddf7486f0c1d85e4778') in 0.119263 seconds 
========================================================================
Received Import Request.
  Time since last request: 0.490088 seconds.
  path: Assets/Clock/3dobjects/Materials
  artifactKey: Guid(2e5c48e927057c54ea7c8daad5782d84) Importer(815301076,1909f56bfc062723c751e8b465ee728b)
Start importing Assets/Clock/3dobjects/Materials using Guid(2e5c48e927057c54ea7c8daad5782d84) Importer(815301076,1909f56bfc062723c751e8b465ee728b)  -> (artifact id: '9c36393d374eff18607ecc70e48efd75') in 0.006270 seconds 
========================================================================
Received Import Request.
  Time since last request: 0.064897 seconds.
  path: Assets/Clock/3dobjects/Materials/clock_glass.mat
  artifactKey: Guid(40a8ae58dd3f1d5499694777e3945a80) Importer(815301076,1909f56bfc062723c751e8b465ee728b)
Start importing Assets/Clock/3dobjects/Materials/clock_glass.mat using Guid(40a8ae58dd3f1d5499694777e3945a80) Importer(815301076,1909f56bfc062723c751e8b465ee728b)  -> (artifact id: '800a3f3d9627dd6aff1f39a428bdb0d9') in 0.039496 seconds 
========================================================================
Received Import Request.
  Time since last request: 0.000025 seconds.
  path: Assets/Clock/3dobjects/Materials/wanduhr-uhr glass.mat
  artifactKey: Guid(14a00a7937103ca43875d11ae5e6f620) Importer(815301076,1909f56bfc062723c751e8b465ee728b)
Start importing Assets/Clock/3dobjects/Materials/wanduhr-uhr glass.mat using Guid(14a00a7937103ca43875d11ae5e6f620) Importer(815301076,1909f56bfc062723c751e8b465ee728b)  -> (artifact id: 'dfff122a47c16fbb2231a4db72885904') in 0.036831 seconds 
========================================================================
Received Import Request.
  Time since last request: 0.000026 seconds.
  path: Assets/Clock/3dobjects/Materials/wanduhr-uhr.mat
  artifactKey: Guid(50d35e73fd7c0a54e8709d22c0dd3a6a) Importer(815301076,1909f56bfc062723c751e8b465ee728b)
Start importing Assets/Clock/3dobjects/Materials/wanduhr-uhr.mat using Guid(50d35e73fd7c0a54e8709d22c0dd3a6a) Importer(815301076,1909f56bfc062723c751e8b465ee728b)  -> (artifact id: '705f6b6744d193b8cf7007389860c679') in 0.055431 seconds 
========================================================================
Received Import Request.
  Time since last request: 121.846383 seconds.
  path: Assets/traces/kitchen/Materials
  artifactKey: Guid(f414203cbef4d2c4e8e845d565592e15) Importer(815301076,1909f56bfc062723c751e8b465ee728b)
Start importing Assets/traces/kitchen/Materials using Guid(f414203cbef4d2c4e8e845d565592e15) Importer(815301076,1909f56bfc062723c751e8b465ee728b)  -> (artifact id: 'f446abeb942b5cc842175d045933205a') in 0.001790 seconds 
========================================================================
Received Import Request.
  Time since last request: 0.068363 seconds.
  path: Assets/traces/kitchen/Materials/clockkk.mat
  artifactKey: Guid(38a0414922cb1d8419bbe27aa56124d3) Importer(815301076,1909f56bfc062723c751e8b465ee728b)
Start importing Assets/traces/kitchen/Materials/clockkk.mat using Guid(38a0414922cb1d8419bbe27aa56124d3) Importer(815301076,1909f56bfc062723c751e8b465ee728b)  -> (artifact id: '3377eb4e1afefa3566f7a3b3d24b73c2') in 0.014224 seconds 
========================================================================
Received Import Request.
  Time since last request: 314.823804 seconds.
  path: Assets/Scenes/L7.unity
  artifactKey: Guid(048b58a27fc7cd54f92398f903b59567) Importer(815301076,1909f56bfc062723c751e8b465ee728b)
Start importing Assets/Scenes/L7.unity using Guid(048b58a27fc7cd54f92398f903b59567) Importer(815301076,1909f56bfc062723c751e8b465ee728b)  -> (artifact id: 'c201b268d39d165da18756b7fba40e93') in 0.005959 seconds 
========================================================================
Received Import Request.
  Time since last request: 33.344937 seconds.
  path: Assets/Scenes/L3.unity
  artifactKey: Guid(e5f83b47027205a41a409860249f77b8) Importer(815301076,1909f56bfc062723c751e8b465ee728b)
Start importing Assets/Scenes/L3.unity using Guid(e5f83b47027205a41a409860249f77b8) Importer(815301076,1909f56bfc062723c751e8b465ee728b)  -> (artifact id: '4d6a1f9e185b7c286cc7dc24e1e3043d') in 0.006063 seconds 
========================================================================
Received Import Request.
  Time since last request: 11.076639 seconds.
  path: Assets/Scenes/L4.unity
  artifactKey: Guid(9fc697dd782ef084091249d66fc64f26) Importer(815301076,1909f56bfc062723c751e8b465ee728b)
Start importing Assets/Scenes/L4.unity using Guid(9fc697dd782ef084091249d66fc64f26) Importer(815301076,1909f56bfc062723c751e8b465ee728b)  -> (artifact id: 'e50eaf1a1ac5d85443778f1ec39dd39c') in 0.006654 seconds 
========================================================================
Received Import Request.
  Time since last request: 7.210893 seconds.
  path: Assets/Scenes/L5.unity
  artifactKey: Guid(de69f0b73f21f874cb558cd291ac23f8) Importer(815301076,1909f56bfc062723c751e8b465ee728b)
Start importing Assets/Scenes/L5.unity using Guid(de69f0b73f21f874cb558cd291ac23f8) Importer(815301076,1909f56bfc062723c751e8b465ee728b)  -> (artifact id: '0348ef9e1995f6bec6f923a86f69e818') in 0.006014 seconds 
========================================================================
Received Import Request.
  Time since last request: 8.449743 seconds.
  path: Assets/Scenes/L6.unity
  artifactKey: Guid(91ee8bfa09bcb814d9bff556f265b9aa) Importer(815301076,1909f56bfc062723c751e8b465ee728b)
Start importing Assets/Scenes/L6.unity using Guid(91ee8bfa09bcb814d9bff556f265b9aa) Importer(815301076,1909f56bfc062723c751e8b465ee728b)  -> (artifact id: '7cd3da028d18549efe02053424174b99') in 0.005856 seconds 
========================================================================
Received Import Request.
  Time since last request: 10.890154 seconds.
  path: Assets/Scenes/L7.unity
  artifactKey: Guid(048b58a27fc7cd54f92398f903b59567) Importer(815301076,1909f56bfc062723c751e8b465ee728b)
Start importing Assets/Scenes/L7.unity using Guid(048b58a27fc7cd54f92398f903b59567) Importer(815301076,1909f56bfc062723c751e8b465ee728b)  -> (artifact id: '0cbfb0a790d1de8f0b348fd20a8e888f') in 0.001932 seconds 
========================================================================
Received Import Request.
  Time since last request: 9.653519 seconds.
  path: Assets/Scenes/L8.unity
  artifactKey: Guid(0b34d8813da53e04a95771f7625aa007) Importer(815301076,1909f56bfc062723c751e8b465ee728b)
Start importing Assets/Scenes/L8.unity using Guid(0b34d8813da53e04a95771f7625aa007) Importer(815301076,1909f56bfc062723c751e8b465ee728b)  -> (artifact id: '325d76ef74a2ae0278e33dc8ee951895') in 0.005636 seconds 
